INFO 2025-06-26 23:46:35,381 autoreload 48688 34700 Watching for file changes with StatReloader
INFO 2025-06-26 23:46:49,369 autoreload 16632 41800 Watching for file changes with StatReloader
INFO 2025-06-26 23:47:42,344 autoreload 43036 46240 Watching for file changes with StatReloader
INFO 2025-06-26 23:54:44,042 autoreload 49176 46720 Watching for file changes with StatReloader
INFO 2025-06-26 23:56:38,407 autoreload 47064 23388 Watching for file changes with StatReloader
INFO 2025-06-26 23:56:43,546 autoreload 32104 4172 Watching for file changes with StatReloader
INFO 2025-06-26 23:57:04,010 autoreload 35544 26736 Watching for file changes with StatReloader
INFO 2025-06-26 23:58:07,712 autoreload 49780 35024 Watching for file changes with StatReloader
INFO 2025-06-27 00:04:29,906 autoreload 48688 34700 C:\Users\kwame boateng\Desktop\bethel\manage.py changed, reloading.
INFO 2025-06-27 00:04:30,012 autoreload 32104 4172 C:\Users\kwame boateng\Desktop\bethel\manage.py changed, reloading.
INFO 2025-06-27 00:04:30,239 autoreload 43036 46240 C:\Users\kwame boateng\Desktop\bethel\manage.py changed, reloading.
INFO 2025-06-27 00:04:30,507 autoreload 49176 46720 C:\Users\kwame boateng\Desktop\bethel\manage.py changed, reloading.
INFO 2025-06-27 00:04:30,562 autoreload 35544 26736 C:\Users\kwame boateng\Desktop\bethel\manage.py changed, reloading.
INFO 2025-06-27 00:04:34,848 autoreload 15376 3404 Watching for file changes with StatReloader
INFO 2025-06-27 00:04:35,270 autoreload 15188 19404 Watching for file changes with StatReloader
INFO 2025-06-27 00:04:35,312 autoreload 14868 44492 Watching for file changes with StatReloader
INFO 2025-06-27 00:04:35,312 autoreload 45484 36260 Watching for file changes with StatReloader
INFO 2025-06-27 00:04:36,113 autoreload 30888 48968 Watching for file changes with StatReloader
INFO 2025-06-27 00:04:36,156 autoreload 12520 29124 Watching for file changes with StatReloader
INFO 2025-06-27 00:04:59,496 autoreload 40312 48380 Watching for file changes with StatReloader
INFO 2025-06-27 00:06:23,865 autoreload 11916 22788 Watching for file changes with StatReloader
INFO 2025-06-27 00:07:08,693 autoreload 30888 48968 C:\Users\kwame boateng\Desktop\bethel\apps\media\models.py changed, reloading.
INFO 2025-06-27 00:07:08,709 autoreload 15376 3404 C:\Users\kwame boateng\Desktop\bethel\apps\media\models.py changed, reloading.
INFO 2025-06-27 00:07:08,692 autoreload 15188 19404 C:\Users\kwame boateng\Desktop\bethel\apps\media\models.py changed, reloading.
INFO 2025-06-27 00:07:08,742 autoreload 14868 44492 C:\Users\kwame boateng\Desktop\bethel\apps\media\models.py changed, reloading.
INFO 2025-06-27 00:07:09,646 autoreload 11916 22788 C:\Users\kwame boateng\Desktop\bethel\apps\media\models.py changed, reloading.
INFO 2025-06-27 00:07:09,699 autoreload 12520 29124 C:\Users\kwame boateng\Desktop\bethel\apps\media\models.py changed, reloading.
INFO 2025-06-27 00:07:09,715 autoreload 40312 48380 C:\Users\kwame boateng\Desktop\bethel\apps\media\models.py changed, reloading.
INFO 2025-06-27 00:07:09,789 autoreload 45484 36260 C:\Users\kwame boateng\Desktop\bethel\apps\media\models.py changed, reloading.
INFO 2025-06-27 00:07:14,765 autoreload 32272 15688 Watching for file changes with StatReloader
INFO 2025-06-27 00:07:14,765 autoreload 6976 45812 Watching for file changes with StatReloader
INFO 2025-06-27 00:07:14,765 autoreload 9768 13544 Watching for file changes with StatReloader

INFO 2025-06-27 00:07:14,768 autoreload 2080 18056 Watching for file changes with StatReloader
INFO 2025-06-27 00:07:14,767 autoreload 684 46844 Watching for file changes with StatReloader
INFO 2025-06-27 00:07:14,826 autoreload 10004 45196 Watching for file changes with StatReloader
INFO 2025-06-27 00:07:15,330 autoreload 16868 25544 Watching for file changes with StatReloader
INFO 2025-06-27 00:07:32,863 autoreload 16868 25544 C:\Users\kwame boateng\Desktop\bethel\apps\news\models.py changed, reloading.
INFO 2025-06-27 00:07:32,864 autoreload 684 46844 C:\Users\kwame boateng\Desktop\bethel\apps\news\models.py changed, reloading.
INFO 2025-06-27 00:07:32,958 autoreload 2080 18056 C:\Users\kwame boateng\Desktop\bethel\apps\news\models.py changed, reloading.
INFO 2025-06-27 00:07:32,977 autoreload 9768 13544 C:\Users\kwame boateng\Desktop\bethel\apps\news\models.py changed, reloading.
INFO 2025-06-27 00:07:33,097 autoreload 10004 45196 C:\Users\kwame boateng\Desktop\bethel\apps\news\models.py changed, reloading.
INFO 2025-06-27 00:07:33,116 autoreload 6976 45812 C:\Users\kwame boateng\Desktop\bethel\apps\news\models.py changed, reloading.
INFO 2025-06-27 00:07:34,144 autoreload 32272 15688 C:\Users\kwame boateng\Desktop\bethel\apps\news\models.py changed, reloading.
INFO 2025-06-27 00:07:34,146 autoreload 43036 42436 C:\Users\kwame boateng\Desktop\bethel\apps\news\models.py changed, reloading.
INFO 2025-06-27 00:07:38,850 autoreload 40092 41004 Watching for file changes with StatReloader
INFO 2025-06-27 00:07:38,854 autoreload 6472 44792 Watching for file changes with StatReloader
INFO 2025-06-27 00:07:39,115 autoreload 24104 21988 Watching for file changes with StatReloader
INFO 2025-06-27 00:07:39,281 autoreload 20120 49724 Watching for file changes with StatReloader
INFO 2025-06-27 00:07:39,423 autoreload 19228 396 Watching for file changes with StatReloader
INFO 2025-06-27 00:07:39,607 autoreload 35612 6248 Watching for file changes with StatReloader
INFO 2025-06-27 00:07:40,528 autoreload 13776 5880 Watching for file changes with StatReloader
INFO 2025-06-27 00:07:40,545 autoreload 16992 46792 Watching for file changes with StatReloader
INFO 2025-06-27 00:08:09,662 autoreload 35612 6248 C:\Users\kwame boateng\Desktop\bethel\config\settings\base.py changed, reloading.
INFO 2025-06-27 00:08:10,242 autoreload 16992 46792 C:\Users\kwame boateng\Desktop\bethel\config\settings\base.py changed, reloading.
INFO 2025-06-27 00:08:10,428 autoreload 19228 396 C:\Users\kwame boateng\Desktop\bethel\config\settings\base.py changed, reloading.
INFO 2025-06-27 00:08:10,459 autoreload 6472 44792 C:\Users\kwame boateng\Desktop\bethel\config\settings\base.py changed, reloading.
INFO 2025-06-27 00:08:10,587 autoreload 20120 49724 C:\Users\kwame boateng\Desktop\bethel\config\settings\base.py changed, reloading.
INFO 2025-06-27 00:08:10,657 autoreload 13776 5880 C:\Users\kwame boateng\Desktop\bethel\config\settings\base.py changed, reloading.
INFO 2025-06-27 00:08:10,738 autoreload 24104 21988 C:\Users\kwame boateng\Desktop\bethel\config\settings\base.py changed, reloading.
INFO 2025-06-27 00:08:10,938 autoreload 40092 41004 C:\Users\kwame boateng\Desktop\bethel\config\settings\base.py changed, reloading.
INFO 2025-06-27 00:08:17,150 autoreload 46876 37788 Watching for file changes with StatReloader
INFO 2025-06-27 00:08:17,161 autoreload 24392 48616 Watching for file changes with StatReloader
INFO 2025-06-27 00:08:17,160 autoreload 12580 27872 Watching for file changes with StatReloader
INFO 2025-06-27 00:08:18,315 autoreload 49204 22676 Watching for file changes with StatReloader
INFO 2025-06-27 00:08:18,807 autoreload 43212 36352 Watching for file changes with StatReloader
INFO 2025-06-27 00:08:19,022 autoreload 39692 34984 Watching for file changes with StatReloader
INFO 2025-06-27 00:08:19,381 autoreload 38380 38008 Watching for file changes with StatReloader
INFO 2025-06-27 00:08:19,995 autoreload 44616 48016 Watching for file changes with StatReloader
INFO 2025-06-27 00:16:26,647 autoreload 32004 37296 Watching for file changes with StatReloader
INFO 2025-06-27 00:16:35,382 autoreload 8044 17064 Watching for file changes with StatReloader
WARNING 2025-06-27 00:16:36,185 base 32004 10976 Session data corrupted
WARNING 2025-06-27 00:16:36,376 log 32004 10976 Not Found: /
WARNING 2025-06-27 00:16:36,379 basehttp 32004 10976 "GET / HTTP/1.1" 404 17402
INFO 2025-06-27 00:16:37,387 basehttp 32004 29348 "GET /static/debug_toolbar/js/toolbar.js HTTP/1.1" 200 14803
INFO 2025-06-27 00:16:37,393 basehttp 32004 41924 "GET /static/debug_toolbar/css/toolbar.css HTTP/1.1" 200 29444
INFO 2025-06-27 00:16:37,659 basehttp 32004 41924 "GET /static/debug_toolbar/css/print.css HTTP/1.1" 200 43
INFO 2025-06-27 00:16:37,838 basehttp 32004 41924 "GET /static/debug_toolbar/js/utils.js HTTP/1.1" 200 4692
WARNING 2025-06-27 00:20:16,075 log 32004 42580 Not Found: /
WARNING 2025-06-27 00:20:16,102 basehttp 32004 42580 "GET / HTTP/1.1" 404 17402
INFO 2025-06-27 00:20:16,201 basehttp 32004 42744 "GET /static/debug_toolbar/js/toolbar.js HTTP/1.1" 304 0
INFO 2025-06-27 00:20:16,203 basehttp 32004 42580 "GET /static/debug_toolbar/css/toolbar.css HTTP/1.1" 304 0
INFO 2025-06-27 00:20:16,203 basehttp 32004 44304 "GET /static/debug_toolbar/css/print.css HTTP/1.1" 304 0
INFO 2025-06-27 00:20:16,225 basehttp 32004 44304 "GET /static/debug_toolbar/js/utils.js HTTP/1.1" 304 0
INFO 2025-06-27 00:27:35,483 autoreload 12580 27872 C:\Users\kwame boateng\Desktop\bethel\config\urls.py changed, reloading.
INFO 2025-06-27 00:27:35,576 autoreload 43212 36352 C:\Users\kwame boateng\Desktop\bethel\config\urls.py changed, reloading.
INFO 2025-06-27 00:27:35,864 autoreload 38380 38008 C:\Users\kwame boateng\Desktop\bethel\config\urls.py changed, reloading.
INFO 2025-06-27 00:27:35,933 autoreload 24392 48616 C:\Users\kwame boateng\Desktop\bethel\config\urls.py changed, reloading.
INFO 2025-06-27 00:27:35,991 autoreload 49204 22676 C:\Users\kwame boateng\Desktop\bethel\config\urls.py changed, reloading.
INFO 2025-06-27 00:27:36,047 autoreload 46876 37788 C:\Users\kwame boateng\Desktop\bethel\config\urls.py changed, reloading.
INFO 2025-06-27 00:27:36,042 autoreload 32004 37296 C:\Users\kwame boateng\Desktop\bethel\config\urls.py changed, reloading.
INFO 2025-06-27 00:27:36,095 autoreload 39692 34984 C:\Users\kwame boateng\Desktop\bethel\config\urls.py changed, reloading.
INFO 2025-06-27 00:27:36,163 autoreload 44616 48016 C:\Users\kwame boateng\Desktop\bethel\config\urls.py changed, reloading.
INFO 2025-06-27 00:27:36,340 autoreload 8044 17064 C:\Users\kwame boateng\Desktop\bethel\config\urls.py changed, reloading.
INFO 2025-06-27 00:27:44,083 autoreload 37948 27404 Watching for file changes with StatReloader
INFO 2025-06-27 00:27:44,082 autoreload 8592 46304 Watching for file changes with StatReloader
INFO 2025-06-27 00:27:44,086 autoreload 9232 18092 Watching for file changes with StatReloader
INFO 2025-06-27 00:27:44,082 autoreload 16036 46584 Watching for file changes with StatReloader
INFO 2025-06-27 00:27:44,086 autoreload 49432 31256 Watching for file changes with StatReloader
INFO 2025-06-27 00:27:44,112 autoreload 30376 49376 Watching for file changes with StatReloader
INFO 2025-06-27 00:27:44,420 autoreload 47656 28240 Watching for file changes with StatReloader
INFO 2025-06-27 00:27:44,462 autoreload 17300 28904 Watching for file changes with StatReloader
INFO 2025-06-27 00:27:44,627 autoreload 3712 45640 Watching for file changes with StatReloader
INFO 2025-06-27 00:27:44,746 autoreload 48840 40956 Watching for file changes with StatReloader
INFO 2025-06-27 00:27:59,044 autoreload 41976 7624 Watching for file changes with StatReloader
INFO 2025-06-27 00:29:19,171 autoreload 9232 18092 C:\Users\kwame boateng\Desktop\bethel\config\settings\base.py changed, reloading.
INFO 2025-06-27 00:29:19,257 autoreload 3712 45640 C:\Users\kwame boateng\Desktop\bethel\config\settings\base.py changed, reloading.
INFO 2025-06-27 00:29:19,313 autoreload 41976 7624 C:\Users\kwame boateng\Desktop\bethel\config\settings\base.py changed, reloading.
INFO 2025-06-27 00:29:19,469 autoreload 30376 49376 C:\Users\kwame boateng\Desktop\bethel\config\settings\base.py changed, reloading.
INFO 2025-06-27 00:29:19,500 autoreload 47656 28240 C:\Users\kwame boateng\Desktop\bethel\config\settings\base.py changed, reloading.
INFO 2025-06-27 00:29:19,673 autoreload 16036 46584 C:\Users\kwame boateng\Desktop\bethel\config\settings\base.py changed, reloading.
INFO 2025-06-27 00:29:19,823 autoreload 37948 27404 C:\Users\kwame boateng\Desktop\bethel\config\settings\base.py changed, reloading.
INFO 2025-06-27 00:29:19,914 autoreload 17300 28904 C:\Users\kwame boateng\Desktop\bethel\config\settings\base.py changed, reloading.
INFO 2025-06-27 00:29:19,993 autoreload 49432 31256 C:\Users\kwame boateng\Desktop\bethel\config\settings\base.py changed, reloading.
INFO 2025-06-27 00:29:20,226 autoreload 48840 40956 C:\Users\kwame boateng\Desktop\bethel\config\settings\base.py changed, reloading.
INFO 2025-06-27 00:29:20,461 autoreload 8592 46304 C:\Users\kwame boateng\Desktop\bethel\config\settings\base.py changed, reloading.
INFO 2025-06-27 00:29:27,714 autoreload 28900 46028 Watching for file changes with StatReloader
INFO 2025-06-27 00:29:27,714 autoreload 45660 6248 Watching for file changes with StatReloader
INFO 2025-06-27 00:29:27,720 autoreload 5760 24624 Watching for file changes with StatReloader
INFO 2025-06-27 00:29:27,723 autoreload 46232 30700 Watching for file changes with StatReloader
INFO 2025-06-27 00:29:27,723 autoreload 13860 4104 Watching for file changes with StatReloader
INFO 2025-06-27 00:29:27,724 autoreload 49284 1596 Watching for file changes with StatReloader
INFO 2025-06-27 00:29:27,724 autoreload 20788 49860 Watching for file changes with StatReloader
INFO 2025-06-27 00:29:27,719 autoreload 21408 46088 Watching for file changes with StatReloader
INFO 2025-06-27 00:29:28,031 autoreload 33072 8304 Watching for file changes with StatReloader

INFO 2025-06-27 00:29:28,032 autoreload 47076 24432 Watching for file changes with StatReloader
INFO 2025-06-27 00:30:08,908 autoreload 21408 46088 C:\Users\kwame boateng\Desktop\bethel\main\models.py changed, reloading.
INFO 2025-06-27 00:30:09,123 autoreload 45052 48156 C:\Users\kwame boateng\Desktop\bethel\main\models.py changed, reloading.
INFO 2025-06-27 00:30:09,559 autoreload 47076 24432 C:\Users\kwame boateng\Desktop\bethel\main\models.py changed, reloading.
INFO 2025-06-27 00:30:09,605 autoreload 28900 46028 C:\Users\kwame boateng\Desktop\bethel\main\models.py changed, reloading.
INFO 2025-06-27 00:30:10,170 autoreload 13860 4104 C:\Users\kwame boateng\Desktop\bethel\main\models.py changed, reloading.
INFO 2025-06-27 00:30:09,671 autoreload 45660 6248 C:\Users\kwame boateng\Desktop\bethel\main\models.py changed, reloading.
INFO 2025-06-27 00:30:10,305 autoreload 46232 30700 C:\Users\kwame boateng\Desktop\bethel\main\models.py changed, reloading.
INFO 2025-06-27 00:30:10,324 autoreload 49284 1596 C:\Users\kwame boateng\Desktop\bethel\main\models.py changed, reloading.
INFO 2025-06-27 00:30:10,323 autoreload 5760 24624 C:\Users\kwame boateng\Desktop\bethel\main\models.py changed, reloading.
INFO 2025-06-27 00:30:10,279 autoreload 33072 8304 C:\Users\kwame boateng\Desktop\bethel\main\models.py changed, reloading.
INFO 2025-06-27 00:30:10,292 autoreload 20788 49860 C:\Users\kwame boateng\Desktop\bethel\main\models.py changed, reloading.
INFO 2025-06-27 00:30:18,462 autoreload 37776 38016 Watching for file changes with StatReloader
INFO 2025-06-27 00:30:18,577 autoreload 35304 28008 Watching for file changes with StatReloader
INFO 2025-06-27 00:30:18,659 autoreload 48340 13160 Watching for file changes with StatReloader
INFO 2025-06-27 00:30:18,812 autoreload 49228 7732 Watching for file changes with StatReloader
INFO 2025-06-27 00:30:25,972 autoreload 48696 4100 Watching for file changes with StatReloader
INFO 2025-06-27 00:30:25,971 autoreload 39244 31276 Watching for file changes with StatReloader
INFO 2025-06-27 00:30:25,994 autoreload 38060 39836 Watching for file changes with StatReloader
INFO 2025-06-27 00:30:26,236 autoreload 7804 46988 Watching for file changes with StatReloader
INFO 2025-06-27 00:30:26,429 autoreload 11072 48816 Watching for file changes with StatReloader
INFO 2025-06-27 00:30:27,462 autoreload 12952 15976 Watching for file changes with StatReloader
INFO 2025-06-27 00:30:27,856 autoreload 40680 13492 Watching for file changes with StatReloader
INFO 2025-06-27 00:30:52,768 autoreload 11072 48816 C:\Users\kwame boateng\Desktop\bethel\main\models.py changed, reloading.
INFO 2025-06-27 00:30:52,895 autoreload 48696 4100 C:\Users\kwame boateng\Desktop\bethel\main\models.py changed, reloading.
INFO 2025-06-27 00:30:52,895 autoreload 38060 39836 C:\Users\kwame boateng\Desktop\bethel\main\models.py changed, reloading.
INFO 2025-06-27 00:30:53,073 autoreload 48340 13160 C:\Users\kwame boateng\Desktop\bethel\main\models.py changed, reloading.
INFO 2025-06-27 00:30:53,247 autoreload 7804 46988 C:\Users\kwame boateng\Desktop\bethel\main\models.py changed, reloading.
INFO 2025-06-27 00:30:53,298 autoreload 39244 31276 C:\Users\kwame boateng\Desktop\bethel\main\models.py changed, reloading.
INFO 2025-06-27 00:30:53,299 autoreload 40680 13492 C:\Users\kwame boateng\Desktop\bethel\main\models.py changed, reloading.
INFO 2025-06-27 00:30:53,451 autoreload 35304 28008 C:\Users\kwame boateng\Desktop\bethel\main\models.py changed, reloading.
INFO 2025-06-27 00:30:53,432 autoreload 12952 15976 C:\Users\kwame boateng\Desktop\bethel\main\models.py changed, reloading.
INFO 2025-06-27 00:30:53,555 autoreload 49228 7732 C:\Users\kwame boateng\Desktop\bethel\main\models.py changed, reloading.
INFO 2025-06-27 00:30:53,570 autoreload 37776 38016 C:\Users\kwame boateng\Desktop\bethel\main\models.py changed, reloading.
INFO 2025-06-27 00:31:00,367 autoreload 48232 49628 Watching for file changes with StatReloader
INFO 2025-06-27 00:31:00,369 autoreload 5100 21460 Watching for file changes with StatReloader
INFO 2025-06-27 00:31:00,397 autoreload 17920 48052 Watching for file changes with StatReloader
INFO 2025-06-27 00:31:00,409 autoreload 46868 2324 Watching for file changes with StatReloader
INFO 2025-06-27 00:31:00,536 autoreload 22532 21832 Watching for file changes with StatReloader
INFO 2025-06-27 00:31:01,240 autoreload 34320 28280 Watching for file changes with StatReloader
INFO 2025-06-27 00:31:01,329 autoreload 44340 39688 Watching for file changes with StatReloader
INFO 2025-06-27 00:31:01,433 autoreload 9720 3404 Watching for file changes with StatReloader
INFO 2025-06-27 00:31:01,442 autoreload 10932 46676 Watching for file changes with StatReloader
INFO 2025-06-27 00:31:01,440 autoreload 12528 13188 Watching for file changes with StatReloader
INFO 2025-06-27 00:31:01,475 autoreload 28084 49588 Watching for file changes with StatReloader
INFO 2025-06-27 00:31:27,468 autoreload 9720 3404 C:\Users\kwame boateng\Desktop\bethel\apps\users\models.py changed, reloading.
INFO 2025-06-27 00:31:28,001 autoreload 12528 13188 C:\Users\kwame boateng\Desktop\bethel\apps\users\models.py changed, reloading.
INFO 2025-06-27 00:31:28,190 autoreload 17920 48052 C:\Users\kwame boateng\Desktop\bethel\apps\users\models.py changed, reloading.
INFO 2025-06-27 00:31:28,235 autoreload 22532 21832 C:\Users\kwame boateng\Desktop\bethel\apps\users\models.py changed, reloading.
INFO 2025-06-27 00:31:28,156 autoreload 10932 46676 C:\Users\kwame boateng\Desktop\bethel\apps\users\models.py changed, reloading.
INFO 2025-06-27 00:31:28,252 autoreload 5100 21460 C:\Users\kwame boateng\Desktop\bethel\apps\users\models.py changed, reloading.
INFO 2025-06-27 00:31:28,429 autoreload 48232 49628 C:\Users\kwame boateng\Desktop\bethel\apps\users\models.py changed, reloading.
INFO 2025-06-27 00:31:28,330 autoreload 46868 2324 C:\Users\kwame boateng\Desktop\bethel\apps\users\models.py changed, reloading.
INFO 2025-06-27 00:31:28,774 autoreload 34320 28280 C:\Users\kwame boateng\Desktop\bethel\apps\users\models.py changed, reloading.
INFO 2025-06-27 00:31:29,135 autoreload 28084 49588 C:\Users\kwame boateng\Desktop\bethel\apps\users\models.py changed, reloading.
INFO 2025-06-27 00:31:29,315 autoreload 44340 39688 C:\Users\kwame boateng\Desktop\bethel\apps\users\models.py changed, reloading.
INFO 2025-06-27 00:31:38,003 autoreload 27776 42820 Watching for file changes with StatReloader
INFO 2025-06-27 00:31:38,026 autoreload 33776 22144 Watching for file changes with StatReloader
INFO 2025-06-27 00:31:38,063 autoreload 14836 42688 Watching for file changes with StatReloader
INFO 2025-06-27 00:31:38,310 autoreload 22092 24932 Watching for file changes with StatReloader
INFO 2025-06-27 00:31:39,962 autoreload 43192 46804 Watching for file changes with StatReloader
INFO 2025-06-27 00:31:41,024 autoreload 39320 15428 Watching for file changes with StatReloader
INFO 2025-06-27 00:31:41,618 autoreload 15652 35104 Watching for file changes with StatReloader
INFO 2025-06-27 00:31:41,672 autoreload 49556 5760 Watching for file changes with StatReloader
INFO 2025-06-27 00:31:43,737 autoreload 49864 12884 Watching for file changes with StatReloader
INFO 2025-06-27 00:31:43,736 autoreload 41100 15796 Watching for file changes with StatReloader
INFO 2025-06-27 00:31:44,373 autoreload 38488 3068 Watching for file changes with StatReloader
INFO 2025-06-27 00:33:08,765 autoreload 29344 25244 Watching for file changes with StatReloader
WARNING 2025-06-27 00:33:08,987 log 22092 38632 Not Found: /
WARNING 2025-06-27 00:33:09,463 basehttp 22092 38632 "GET / HTTP/1.1" 404 44316
INFO 2025-06-27 00:33:11,548 basehttp 22092 29784 "GET /static/debug_toolbar/css/toolbar.css HTTP/1.1" 304 0
INFO 2025-06-27 00:33:11,665 basehttp 22092 8596 "GET /static/debug_toolbar/js/toolbar.js HTTP/1.1" 304 0
INFO 2025-06-27 00:33:11,778 basehttp 22092 8596 "GET /static/debug_toolbar/js/utils.js HTTP/1.1" 304 0
INFO 2025-06-27 00:33:11,820 basehttp 22092 22784 "GET /static/debug_toolbar/css/print.css HTTP/1.1" 304 0
INFO 2025-06-27 00:33:24,286 basehttp 22092 41252 "GET /__debug__/render_panel/?store_id=210d689c2a484c18ad68880f5f631efa&panel_id=SignalsPanel HTTP/1.1" 200 3903
INFO 2025-06-27 00:33:40,980 basehttp 22092 27804 "GET /__debug__/render_panel/?store_id=210d689c2a484c18ad68880f5f631efa&panel_id=HistoryPanel HTTP/1.1" 200 2298
INFO 2025-06-27 00:33:41,024 basehttp 22092 27804 "GET /static/debug_toolbar/js/history.js HTTP/1.1" 200 3369
WARNING 2025-06-27 00:34:20,671 log 22092 44196 Not Found: /
WARNING 2025-06-27 00:34:20,889 basehttp 22092 44196 "GET / HTTP/1.1" 404 44316
WARNING 2025-06-27 00:34:21,367 log 22092 44196 Not Found: /
WARNING 2025-06-27 00:34:21,368 basehttp 22092 44196 "GET / HTTP/1.1" 404 44316
WARNING 2025-06-27 00:34:26,053 log 22092 28888 Not Found: /
WARNING 2025-06-27 00:34:26,055 basehttp 22092 28888 "GET / HTTP/1.1" 404 44316
INFO 2025-06-27 00:35:17,745 autoreload 49556 5760 C:\Users\kwame boateng\Desktop\bethel\main\urls.py changed, reloading.
INFO 2025-06-27 00:35:17,774 autoreload 43192 46804 C:\Users\kwame boateng\Desktop\bethel\main\urls.py changed, reloading.
INFO 2025-06-27 00:35:17,902 autoreload 49864 12884 C:\Users\kwame boateng\Desktop\bethel\main\urls.py changed, reloading.
INFO 2025-06-27 00:35:18,085 autoreload 15652 35104 C:\Users\kwame boateng\Desktop\bethel\main\urls.py changed, reloading.
INFO 2025-06-27 00:35:18,388 autoreload 14836 42688 C:\Users\kwame boateng\Desktop\bethel\main\urls.py changed, reloading.
INFO 2025-06-27 00:35:18,426 autoreload 27776 42820 C:\Users\kwame boateng\Desktop\bethel\main\urls.py changed, reloading.
INFO 2025-06-27 00:35:18,512 autoreload 22092 24932 C:\Users\kwame boateng\Desktop\bethel\main\urls.py changed, reloading.
INFO 2025-06-27 00:35:18,727 autoreload 39320 15428 C:\Users\kwame boateng\Desktop\bethel\main\urls.py changed, reloading.
INFO 2025-06-27 00:35:18,779 autoreload 41100 15796 C:\Users\kwame boateng\Desktop\bethel\main\urls.py changed, reloading.
INFO 2025-06-27 00:35:18,981 autoreload 33776 22144 C:\Users\kwame boateng\Desktop\bethel\main\urls.py changed, reloading.
INFO 2025-06-27 00:35:18,949 autoreload 38488 3068 C:\Users\kwame boateng\Desktop\bethel\main\urls.py changed, reloading.
INFO 2025-06-27 00:35:18,957 autoreload 29344 25244 C:\Users\kwame boateng\Desktop\bethel\main\urls.py changed, reloading.
INFO 2025-06-27 00:35:29,637 autoreload 49632 44264 Watching for file changes with StatReloader
INFO 2025-06-27 00:35:29,648 autoreload 42844 20104 Watching for file changes with StatReloader
INFO 2025-06-27 00:35:30,199 autoreload 46636 17084 Watching for file changes with StatReloader
INFO 2025-06-27 00:35:30,264 autoreload 2968 48780 Watching for file changes with StatReloader
INFO 2025-06-27 00:35:30,519 autoreload 33784 22784 Watching for file changes with StatReloader
INFO 2025-06-27 00:35:30,745 autoreload 49180 39652 Watching for file changes with StatReloader
INFO 2025-06-27 00:35:31,002 autoreload 48384 1776 Watching for file changes with StatReloader
INFO 2025-06-27 00:35:31,586 autoreload 10796 47648 Watching for file changes with StatReloader
INFO 2025-06-27 00:35:31,764 autoreload 10200 13584 Watching for file changes with StatReloader
INFO 2025-06-27 00:35:32,065 autoreload 47304 17756 Watching for file changes with StatReloader
INFO 2025-06-27 00:35:32,095 autoreload 20628 16960 Watching for file changes with StatReloader
INFO 2025-06-27 00:35:34,192 autoreload 49512 9664 Watching for file changes with StatReloader
INFO 2025-06-27 00:36:10,111 autoreload 39692 21144 Watching for file changes with StatReloader
ERROR 2025-06-27 00:36:27,317 log 42844 25544 Internal Server Error: /
Traceback (most recent call last):
  File "C:\Users\kwame boateng\Desktop\bethel\venv\Lib\site-packages\django\core\handlers\exception.py", line 55, in inner
    response = get_response(request)
               ^^^^^^^^^^^^^^^^^^^^^
  File "C:\Users\kwame boateng\Desktop\bethel\venv\Lib\site-packages\django\core\handlers\base.py", line 197, in _get_response
    response = wrapped_callback(request, *callback_args, **callback_kwargs)
               ^^^^^^^^^^^^^^^^^^^^^^^^^^^^^^^^^^^^^^^^^^^^^^^^^^^^^^^^^^^^
  File "C:\Users\kwame boateng\Desktop\bethel\main\views.py", line 112, in home
    return render(request, 'main/home.html', context)
           ^^^^^^^^^^^^^^^^^^^^^^^^^^^^^^^^^^^^^^^^^^
  File "C:\Users\kwame boateng\Desktop\bethel\venv\Lib\site-packages\django\shortcuts.py", line 25, in render
    content = loader.render_to_string(template_name, context, request, using=using)
              ^^^^^^^^^^^^^^^^^^^^^^^^^^^^^^^^^^^^^^^^^^^^^^^^^^^^^^^^^^^^^^^^^^^^^
  File "C:\Users\kwame boateng\Desktop\bethel\venv\Lib\site-packages\django\template\loader.py", line 62, in render_to_string
    return template.render(context, request)
           ^^^^^^^^^^^^^^^^^^^^^^^^^^^^^^^^^
  File "C:\Users\kwame boateng\Desktop\bethel\venv\Lib\site-packages\django\template\backends\django.py", line 107, in render
    return self.template.render(context)
           ^^^^^^^^^^^^^^^^^^^^^^^^^^^^^
  File "C:\Users\kwame boateng\Desktop\bethel\venv\Lib\site-packages\django\template\base.py", line 169, in render
    with context.bind_template(self):
         ^^^^^^^^^^^^^^^^^^^^^^^^^^^
  File "C:\Program Files\WindowsApps\PythonSoftwareFoundation.Python.3.12_3.12.2800.0_x64__qbz5n2kfra8p0\Lib\contextlib.py", line 137, in __enter__
    return next(self.gen)
           ^^^^^^^^^^^^^^
  File "C:\Users\kwame boateng\Desktop\bethel\venv\Lib\site-packages\debug_toolbar\panels\templates\panel.py", line 45, in _request_context_bind_template
    processors = template.engine.template_context_processors + self._processors
                 ^^^^^^^^^^^^^^^^^^^^^^^^^^^^^^^^^^^^^^^^^^^
  File "C:\Users\kwame boateng\Desktop\bethel\venv\Lib\site-packages\django\utils\functional.py", line 47, in __get__
    res = instance.__dict__[self.name] = self.func(instance)
                                         ^^^^^^^^^^^^^^^^^^^
  File "C:\Users\kwame boateng\Desktop\bethel\venv\Lib\site-packages\django\template\engine.py", line 118, in template_context_processors
    return tuple(import_string(path) for path in context_processors)
           ^^^^^^^^^^^^^^^^^^^^^^^^^^^^^^^^^^^^^^^^^^^^^^^^^^^^^^^^^
  File "C:\Users\kwame boateng\Desktop\bethel\venv\Lib\site-packages\django\template\engine.py", line 118, in <genexpr>
    return tuple(import_string(path) for path in context_processors)
                 ^^^^^^^^^^^^^^^^^^^
  File "C:\Users\kwame boateng\Desktop\bethel\venv\Lib\site-packages\django\utils\module_loading.py", line 30, in import_string
    return cached_import(module_path, class_name)
           ^^^^^^^^^^^^^^^^^^^^^^^^^^^^^^^^^^^^^^
  File "C:\Users\kwame boateng\Desktop\bethel\venv\Lib\site-packages\django\utils\module_loading.py", line 15, in cached_import
    module = import_module(module_path)
             ^^^^^^^^^^^^^^^^^^^^^^^^^^
  File "C:\Program Files\WindowsApps\PythonSoftwareFoundation.Python.3.12_3.12.2800.0_x64__qbz5n2kfra8p0\Lib\importlib\__init__.py", line 90, in import_module
    return _bootstrap._gcd_import(name[level:], package, level)
           ^^^^^^^^^^^^^^^^^^^^^^^^^^^^^^^^^^^^^^^^^^^^^^^^^^^^
  File "<frozen importlib._bootstrap>", line 1387, in _gcd_import
  File "<frozen importlib._bootstrap>", line 1360, in _find_and_load
  File "<frozen importlib._bootstrap>", line 1331, in _find_and_load_unlocked
  File "<frozen importlib._bootstrap>", line 935, in _load_unlocked
  File "<frozen importlib._bootstrap_external>", line 999, in exec_module
  File "<frozen importlib._bootstrap>", line 488, in _call_with_frames_removed
  File "C:\Users\kwame boateng\Desktop\bethel\apps\home\context_processors.py", line 1, in <module>
    from .models import GlobalSettings
ModuleNotFoundError: No module named 'apps.home.models'
ERROR 2025-06-27 00:36:27,876 basehttp 42844 25544 "GET / HTTP/1.1" 500 178033
INFO 2025-06-27 00:36:53,728 autoreload 15100 33780 Watching for file changes with StatReloader
ERROR 2025-06-27 00:37:03,678 log 49180 23924 Internal Server Error: /
Traceback (most recent call last):
  File "C:\Users\kwame boateng\Desktop\bethel\venv\Lib\site-packages\django\core\handlers\exception.py", line 55, in inner
    response = get_response(request)
               ^^^^^^^^^^^^^^^^^^^^^
  File "C:\Users\kwame boateng\Desktop\bethel\venv\Lib\site-packages\django\core\handlers\base.py", line 197, in _get_response
    response = wrapped_callback(request, *callback_args, **callback_kwargs)
               ^^^^^^^^^^^^^^^^^^^^^^^^^^^^^^^^^^^^^^^^^^^^^^^^^^^^^^^^^^^^
  File "C:\Users\kwame boateng\Desktop\bethel\main\views.py", line 112, in home
    return render(request, 'main/home.html', context)
           ^^^^^^^^^^^^^^^^^^^^^^^^^^^^^^^^^^^^^^^^^^
  File "C:\Users\kwame boateng\Desktop\bethel\venv\Lib\site-packages\django\shortcuts.py", line 25, in render
    content = loader.render_to_string(template_name, context, request, using=using)
              ^^^^^^^^^^^^^^^^^^^^^^^^^^^^^^^^^^^^^^^^^^^^^^^^^^^^^^^^^^^^^^^^^^^^^
  File "C:\Users\kwame boateng\Desktop\bethel\venv\Lib\site-packages\django\template\loader.py", line 62, in render_to_string
    return template.render(context, request)
           ^^^^^^^^^^^^^^^^^^^^^^^^^^^^^^^^^
  File "C:\Users\kwame boateng\Desktop\bethel\venv\Lib\site-packages\django\template\backends\django.py", line 107, in render
    return self.template.render(context)
           ^^^^^^^^^^^^^^^^^^^^^^^^^^^^^
  File "C:\Users\kwame boateng\Desktop\bethel\venv\Lib\site-packages\django\template\base.py", line 169, in render
    with context.bind_template(self):
         ^^^^^^^^^^^^^^^^^^^^^^^^^^^
  File "C:\Program Files\WindowsApps\PythonSoftwareFoundation.Python.3.12_3.12.2800.0_x64__qbz5n2kfra8p0\Lib\contextlib.py", line 137, in __enter__
    return next(self.gen)
           ^^^^^^^^^^^^^^
  File "C:\Users\kwame boateng\Desktop\bethel\venv\Lib\site-packages\debug_toolbar\panels\templates\panel.py", line 45, in _request_context_bind_template
    processors = template.engine.template_context_processors + self._processors
                 ^^^^^^^^^^^^^^^^^^^^^^^^^^^^^^^^^^^^^^^^^^^
  File "C:\Users\kwame boateng\Desktop\bethel\venv\Lib\site-packages\django\utils\functional.py", line 47, in __get__
    res = instance.__dict__[self.name] = self.func(instance)
                                         ^^^^^^^^^^^^^^^^^^^
  File "C:\Users\kwame boateng\Desktop\bethel\venv\Lib\site-packages\django\template\engine.py", line 118, in template_context_processors
    return tuple(import_string(path) for path in context_processors)
           ^^^^^^^^^^^^^^^^^^^^^^^^^^^^^^^^^^^^^^^^^^^^^^^^^^^^^^^^^
  File "C:\Users\kwame boateng\Desktop\bethel\venv\Lib\site-packages\django\template\engine.py", line 118, in <genexpr>
    return tuple(import_string(path) for path in context_processors)
                 ^^^^^^^^^^^^^^^^^^^
  File "C:\Users\kwame boateng\Desktop\bethel\venv\Lib\site-packages\django\utils\module_loading.py", line 30, in import_string
    return cached_import(module_path, class_name)
           ^^^^^^^^^^^^^^^^^^^^^^^^^^^^^^^^^^^^^^
  File "C:\Users\kwame boateng\Desktop\bethel\venv\Lib\site-packages\django\utils\module_loading.py", line 15, in cached_import
    module = import_module(module_path)
             ^^^^^^^^^^^^^^^^^^^^^^^^^^
  File "C:\Program Files\WindowsApps\PythonSoftwareFoundation.Python.3.12_3.12.2800.0_x64__qbz5n2kfra8p0\Lib\importlib\__init__.py", line 90, in import_module
    return _bootstrap._gcd_import(name[level:], package, level)
           ^^^^^^^^^^^^^^^^^^^^^^^^^^^^^^^^^^^^^^^^^^^^^^^^^^^^
  File "<frozen importlib._bootstrap>", line 1387, in _gcd_import
  File "<frozen importlib._bootstrap>", line 1360, in _find_and_load
  File "<frozen importlib._bootstrap>", line 1331, in _find_and_load_unlocked
  File "<frozen importlib._bootstrap>", line 935, in _load_unlocked
  File "<frozen importlib._bootstrap_external>", line 999, in exec_module
  File "<frozen importlib._bootstrap>", line 488, in _call_with_frames_removed
  File "C:\Users\kwame boateng\Desktop\bethel\apps\home\context_processors.py", line 1, in <module>
    from .models import GlobalSettings
ModuleNotFoundError: No module named 'apps.home.models'
ERROR 2025-06-27 00:37:04,054 basehttp 49180 23924 "GET / HTTP/1.1" 500 178033
INFO 2025-06-27 00:37:04,496 basehttp 49180 23924 "GET /static/debug_toolbar/js/toolbar.js HTTP/1.1" 304 0
INFO 2025-06-27 00:37:04,521 basehttp 49180 47452 "GET /static/debug_toolbar/css/toolbar.css HTTP/1.1" 304 0
INFO 2025-06-27 00:37:04,915 basehttp 49180 47452 "GET /static/debug_toolbar/css/print.css HTTP/1.1" 304 0
INFO 2025-06-27 00:37:04,998 basehttp 49180 47452 "GET /static/debug_toolbar/js/utils.js HTTP/1.1" 304 0
INFO 2025-06-27 00:38:35,957 autoreload 31668 9728 Watching for file changes with StatReloader
ERROR 2025-06-27 00:39:05,529 log 49180 18924 Internal Server Error: /
Traceback (most recent call last):
  File "C:\Users\kwame boateng\Desktop\bethel\venv\Lib\site-packages\django\db\backends\utils.py", line 105, in _execute
    return self.cursor.execute(sql, params)
           ^^^^^^^^^^^^^^^^^^^^^^^^^^^^^^^^
  File "C:\Users\kwame boateng\Desktop\bethel\venv\Lib\site-packages\django\db\backends\sqlite3\base.py", line 360, in execute
    return super().execute(query, params)
           ^^^^^^^^^^^^^^^^^^^^^^^^^^^^^^
sqlite3.OperationalError: no such table: churches_church

The above exception was the direct cause of the following exception:

Traceback (most recent call last):
  File "C:\Users\kwame boateng\Desktop\bethel\venv\Lib\site-packages\django\core\handlers\exception.py", line 55, in inner
    response = get_response(request)
               ^^^^^^^^^^^^^^^^^^^^^
  File "C:\Users\kwame boateng\Desktop\bethel\venv\Lib\site-packages\django\core\handlers\base.py", line 197, in _get_response
    response = wrapped_callback(request, *callback_args, **callback_kwargs)
               ^^^^^^^^^^^^^^^^^^^^^^^^^^^^^^^^^^^^^^^^^^^^^^^^^^^^^^^^^^^^
  File "C:\Users\kwame boateng\Desktop\bethel\main\views.py", line 112, in home
    return render(request, 'main/home.html', context)
           ^^^^^^^^^^^^^^^^^^^^^^^^^^^^^^^^^^^^^^^^^^
  File "C:\Users\kwame boateng\Desktop\bethel\venv\Lib\site-packages\django\shortcuts.py", line 25, in render
    content = loader.render_to_string(template_name, context, request, using=using)
              ^^^^^^^^^^^^^^^^^^^^^^^^^^^^^^^^^^^^^^^^^^^^^^^^^^^^^^^^^^^^^^^^^^^^^
  File "C:\Users\kwame boateng\Desktop\bethel\venv\Lib\site-packages\django\template\loader.py", line 62, in render_to_string
    return template.render(context, request)
           ^^^^^^^^^^^^^^^^^^^^^^^^^^^^^^^^^
  File "C:\Users\kwame boateng\Desktop\bethel\venv\Lib\site-packages\django\template\backends\django.py", line 107, in render
    return self.template.render(context)
           ^^^^^^^^^^^^^^^^^^^^^^^^^^^^^
  File "C:\Users\kwame boateng\Desktop\bethel\venv\Lib\site-packages\django\template\base.py", line 169, in render
    with context.bind_template(self):
         ^^^^^^^^^^^^^^^^^^^^^^^^^^^
  File "C:\Program Files\WindowsApps\PythonSoftwareFoundation.Python.3.12_3.12.2800.0_x64__qbz5n2kfra8p0\Lib\contextlib.py", line 137, in __enter__
    return next(self.gen)
           ^^^^^^^^^^^^^^
  File "C:\Users\kwame boateng\Desktop\bethel\venv\Lib\site-packages\debug_toolbar\panels\templates\panel.py", line 50, in _request_context_bind_template
    context = processor(self.request)
              ^^^^^^^^^^^^^^^^^^^^^^^
  File "C:\Users\kwame boateng\Desktop\bethel\apps\churches\context_processors.py", line 20, in church_context
    context['selected_church'] = Church.objects.filter(is_active=True).first()
                                 ^^^^^^^^^^^^^^^^^^^^^^^^^^^^^^^^^^^^^^^^^^^^^
  File "C:\Users\kwame boateng\Desktop\bethel\venv\Lib\site-packages\django\db\models\query.py", line 1104, in first
    for obj in queryset[:1]:
               ~~~~~~~~^^^^
  File "C:\Users\kwame boateng\Desktop\bethel\venv\Lib\site-packages\django\db\models\query.py", line 384, in __iter__
    self._fetch_all()
  File "C:\Users\kwame boateng\Desktop\bethel\venv\Lib\site-packages\django\db\models\query.py", line 1949, in _fetch_all
    self._result_cache = list(self._iterable_class(self))
                         ^^^^^^^^^^^^^^^^^^^^^^^^^^^^^^^^
  File "C:\Users\kwame boateng\Desktop\bethel\venv\Lib\site-packages\django\db\models\query.py", line 91, in __iter__
    results = compiler.execute_sql(
              ^^^^^^^^^^^^^^^^^^^^^
  File "C:\Users\kwame boateng\Desktop\bethel\venv\Lib\site-packages\django\db\models\sql\compiler.py", line 1623, in execute_sql
    cursor.execute(sql, params)
  File "C:\Users\kwame boateng\Desktop\bethel\venv\Lib\site-packages\debug_toolbar\panels\sql\tracking.py", line 235, in execute
    return self._record(super().execute, sql, params)
           ^^^^^^^^^^^^^^^^^^^^^^^^^^^^^^^^^^^^^^^^^^
  File "C:\Users\kwame boateng\Desktop\bethel\venv\Lib\site-packages\debug_toolbar\panels\sql\tracking.py", line 160, in _record
    return method(sql, params)
           ^^^^^^^^^^^^^^^^^^^
  File "C:\Users\kwame boateng\Desktop\bethel\venv\Lib\site-packages\django\db\backends\utils.py", line 122, in execute
    return super().execute(sql, params)
           ^^^^^^^^^^^^^^^^^^^^^^^^^^^^
  File "C:\Users\kwame boateng\Desktop\bethel\venv\Lib\site-packages\django\db\backends\utils.py", line 79, in execute
    return self._execute_with_wrappers(
           ^^^^^^^^^^^^^^^^^^^^^^^^^^^^
  File "C:\Users\kwame boateng\Desktop\bethel\venv\Lib\site-packages\django\db\backends\utils.py", line 92, in _execute_with_wrappers
    return executor(sql, params, many, context)
           ^^^^^^^^^^^^^^^^^^^^^^^^^^^^^^^^^^^^
  File "C:\Users\kwame boateng\Desktop\bethel\venv\Lib\site-packages\django\db\backends\utils.py", line 100, in _execute
    with self.db.wrap_database_errors:
         ^^^^^^^^^^^^^^^^^^^^^^^^^^^^
  File "C:\Users\kwame boateng\Desktop\bethel\venv\Lib\site-packages\django\db\utils.py", line 91, in __exit__
    raise dj_exc_value.with_traceback(traceback) from exc_value
  File "C:\Users\kwame boateng\Desktop\bethel\venv\Lib\site-packages\django\db\backends\utils.py", line 105, in _execute
    return self.cursor.execute(sql, params)
           ^^^^^^^^^^^^^^^^^^^^^^^^^^^^^^^^
  File "C:\Users\kwame boateng\Desktop\bethel\venv\Lib\site-packages\django\db\backends\sqlite3\base.py", line 360, in execute
    return super().execute(query, params)
           ^^^^^^^^^^^^^^^^^^^^^^^^^^^^^^
django.db.utils.OperationalError: no such table: churches_church
ERROR 2025-06-27 00:39:07,531 basehttp 49180 18924 "GET / HTTP/1.1" 500 224821
INFO 2025-06-27 00:41:48,191 autoreload 49512 9664 C:\Users\kwame boateng\Desktop\bethel\apps\users\migrations\0001_initial.py changed, reloading.
INFO 2025-06-27 00:41:48,327 autoreload 47304 17756 C:\Users\kwame boateng\Desktop\bethel\apps\users\migrations\0001_initial.py changed, reloading.
INFO 2025-06-27 00:41:48,446 autoreload 2968 48780 C:\Users\kwame boateng\Desktop\bethel\apps\users\migrations\0001_initial.py changed, reloading.
INFO 2025-06-27 00:41:48,675 autoreload 39692 21144 C:\Users\kwame boateng\Desktop\bethel\apps\users\migrations\0001_initial.py changed, reloading.
INFO 2025-06-27 00:41:48,727 autoreload 10200 13584 C:\Users\kwame boateng\Desktop\bethel\apps\users\migrations\0001_initial.py changed, reloading.
INFO 2025-06-27 00:41:48,772 autoreload 15100 33780 C:\Users\kwame boateng\Desktop\bethel\apps\users\migrations\0001_initial.py changed, reloading.
INFO 2025-06-27 00:41:48,882 autoreload 20628 16960 C:\Users\kwame boateng\Desktop\bethel\apps\users\migrations\0001_initial.py changed, reloading.
INFO 2025-06-27 00:41:48,865 autoreload 10796 47648 C:\Users\kwame boateng\Desktop\bethel\apps\users\migrations\0001_initial.py changed, reloading.
INFO 2025-06-27 00:41:48,914 autoreload 33784 22784 C:\Users\kwame boateng\Desktop\bethel\apps\users\migrations\0001_initial.py changed, reloading.
INFO 2025-06-27 00:41:48,877 autoreload 49180 39652 C:\Users\kwame boateng\Desktop\bethel\apps\users\migrations\0001_initial.py changed, reloading.
INFO 2025-06-27 00:41:48,931 autoreload 46636 17084 C:\Users\kwame boateng\Desktop\bethel\apps\users\migrations\0001_initial.py changed, reloading.
INFO 2025-06-27 00:41:49,127 autoreload 31668 9728 C:\Users\kwame boateng\Desktop\bethel\apps\users\migrations\0001_initial.py changed, reloading.
INFO 2025-06-27 00:41:49,262 autoreload 48384 1776 C:\Users\kwame boateng\Desktop\bethel\apps\users\migrations\0001_initial.py changed, reloading.
INFO 2025-06-27 00:41:49,414 autoreload 49632 44264 C:\Users\kwame boateng\Desktop\bethel\apps\users\migrations\0001_initial.py changed, reloading.
INFO 2025-06-27 00:41:58,920 autoreload 34500 45660 Watching for file changes with StatReloader
INFO 2025-06-27 00:41:58,923 autoreload 9380 46756 Watching for file changes with StatReloader
INFO 2025-06-27 00:41:58,923 autoreload 46268 46628 Watching for file changes with StatReloader
INFO 2025-06-27 00:41:58,924 autoreload 47012 40080 Watching for file changes with StatReloader
INFO 2025-06-27 00:41:58,958 autoreload 11068 21704 Watching for file changes with StatReloader
INFO 2025-06-27 00:41:58,960 autoreload 38612 45336 Watching for file changes with StatReloader
INFO 2025-06-27 00:41:58,960 autoreload 20648 1604 Watching for file changes with StatReloader
INFO 2025-06-27 00:41:59,001 autoreload 30012 39212 Watching for file changes with StatReloader
INFO 2025-06-27 00:41:59,035 autoreload 47336 13244 Watching for file changes with StatReloader
INFO 2025-06-27 00:41:59,035 autoreload 13444 32456 Watching for file changes with StatReloader
INFO 2025-06-27 00:41:59,110 autoreload 32288 47916 Watching for file changes with StatReloader
INFO 2025-06-27 00:41:59,775 autoreload 1956 23764 Watching for file changes with StatReloader
INFO 2025-06-27 00:41:59,891 autoreload 4768 24316 Watching for file changes with StatReloader
INFO 2025-06-27 00:42:02,309 autoreload 41628 49508 Watching for file changes with StatReloader
ERROR 2025-06-27 00:43:22,865 log 9380 13188 Internal Server Error: /
Traceback (most recent call last):
  File "C:\Users\kwame boateng\Desktop\bethel\venv\Lib\site-packages\django\db\backends\utils.py", line 105, in _execute
    return self.cursor.execute(sql, params)
           ^^^^^^^^^^^^^^^^^^^^^^^^^^^^^^^^
  File "C:\Users\kwame boateng\Desktop\bethel\venv\Lib\site-packages\django\db\backends\sqlite3\base.py", line 360, in execute
    return super().execute(query, params)
           ^^^^^^^^^^^^^^^^^^^^^^^^^^^^^^
sqlite3.OperationalError: no such table: churches_church

The above exception was the direct cause of the following exception:

Traceback (most recent call last):
  File "C:\Users\kwame boateng\Desktop\bethel\venv\Lib\site-packages\django\core\handlers\exception.py", line 55, in inner
    response = get_response(request)
               ^^^^^^^^^^^^^^^^^^^^^
  File "C:\Users\kwame boateng\Desktop\bethel\venv\Lib\site-packages\django\core\handlers\base.py", line 197, in _get_response
    response = wrapped_callback(request, *callback_args, **callback_kwargs)
               ^^^^^^^^^^^^^^^^^^^^^^^^^^^^^^^^^^^^^^^^^^^^^^^^^^^^^^^^^^^^
  File "C:\Users\kwame boateng\Desktop\bethel\main\views.py", line 112, in home
    return render(request, 'main/home.html', context)
           ^^^^^^^^^^^^^^^^^^^^^^^^^^^^^^^^^^^^^^^^^^
  File "C:\Users\kwame boateng\Desktop\bethel\venv\Lib\site-packages\django\shortcuts.py", line 25, in render
    content = loader.render_to_string(template_name, context, request, using=using)
              ^^^^^^^^^^^^^^^^^^^^^^^^^^^^^^^^^^^^^^^^^^^^^^^^^^^^^^^^^^^^^^^^^^^^^
  File "C:\Users\kwame boateng\Desktop\bethel\venv\Lib\site-packages\django\template\loader.py", line 62, in render_to_string
    return template.render(context, request)
           ^^^^^^^^^^^^^^^^^^^^^^^^^^^^^^^^^
  File "C:\Users\kwame boateng\Desktop\bethel\venv\Lib\site-packages\django\template\backends\django.py", line 107, in render
    return self.template.render(context)
           ^^^^^^^^^^^^^^^^^^^^^^^^^^^^^
  File "C:\Users\kwame boateng\Desktop\bethel\venv\Lib\site-packages\django\template\base.py", line 169, in render
    with context.bind_template(self):
         ^^^^^^^^^^^^^^^^^^^^^^^^^^^
  File "C:\Program Files\WindowsApps\PythonSoftwareFoundation.Python.3.12_3.12.2800.0_x64__qbz5n2kfra8p0\Lib\contextlib.py", line 137, in __enter__
    return next(self.gen)
           ^^^^^^^^^^^^^^
  File "C:\Users\kwame boateng\Desktop\bethel\venv\Lib\site-packages\debug_toolbar\panels\templates\panel.py", line 50, in _request_context_bind_template
    context = processor(self.request)
              ^^^^^^^^^^^^^^^^^^^^^^^
  File "C:\Users\kwame boateng\Desktop\bethel\apps\churches\context_processors.py", line 20, in church_context
    context['selected_church'] = Church.objects.filter(is_active=True).first()
                                 ^^^^^^^^^^^^^^^^^^^^^^^^^^^^^^^^^^^^^^^^^^^^^
  File "C:\Users\kwame boateng\Desktop\bethel\venv\Lib\site-packages\django\db\models\query.py", line 1104, in first
    for obj in queryset[:1]:
               ~~~~~~~~^^^^
  File "C:\Users\kwame boateng\Desktop\bethel\venv\Lib\site-packages\django\db\models\query.py", line 384, in __iter__
    self._fetch_all()
  File "C:\Users\kwame boateng\Desktop\bethel\venv\Lib\site-packages\django\db\models\query.py", line 1949, in _fetch_all
    self._result_cache = list(self._iterable_class(self))
                         ^^^^^^^^^^^^^^^^^^^^^^^^^^^^^^^^
  File "C:\Users\kwame boateng\Desktop\bethel\venv\Lib\site-packages\django\db\models\query.py", line 91, in __iter__
    results = compiler.execute_sql(
              ^^^^^^^^^^^^^^^^^^^^^
  File "C:\Users\kwame boateng\Desktop\bethel\venv\Lib\site-packages\django\db\models\sql\compiler.py", line 1623, in execute_sql
    cursor.execute(sql, params)
  File "C:\Users\kwame boateng\Desktop\bethel\venv\Lib\site-packages\debug_toolbar\panels\sql\tracking.py", line 235, in execute
    return self._record(super().execute, sql, params)
           ^^^^^^^^^^^^^^^^^^^^^^^^^^^^^^^^^^^^^^^^^^
  File "C:\Users\kwame boateng\Desktop\bethel\venv\Lib\site-packages\debug_toolbar\panels\sql\tracking.py", line 160, in _record
    return method(sql, params)
           ^^^^^^^^^^^^^^^^^^^
  File "C:\Users\kwame boateng\Desktop\bethel\venv\Lib\site-packages\django\db\backends\utils.py", line 122, in execute
    return super().execute(sql, params)
           ^^^^^^^^^^^^^^^^^^^^^^^^^^^^
  File "C:\Users\kwame boateng\Desktop\bethel\venv\Lib\site-packages\django\db\backends\utils.py", line 79, in execute
    return self._execute_with_wrappers(
           ^^^^^^^^^^^^^^^^^^^^^^^^^^^^
  File "C:\Users\kwame boateng\Desktop\bethel\venv\Lib\site-packages\django\db\backends\utils.py", line 92, in _execute_with_wrappers
    return executor(sql, params, many, context)
           ^^^^^^^^^^^^^^^^^^^^^^^^^^^^^^^^^^^^
  File "C:\Users\kwame boateng\Desktop\bethel\venv\Lib\site-packages\django\db\backends\utils.py", line 100, in _execute
    with self.db.wrap_database_errors:
         ^^^^^^^^^^^^^^^^^^^^^^^^^^^^
  File "C:\Users\kwame boateng\Desktop\bethel\venv\Lib\site-packages\django\db\utils.py", line 91, in __exit__
    raise dj_exc_value.with_traceback(traceback) from exc_value
  File "C:\Users\kwame boateng\Desktop\bethel\venv\Lib\site-packages\django\db\backends\utils.py", line 105, in _execute
    return self.cursor.execute(sql, params)
           ^^^^^^^^^^^^^^^^^^^^^^^^^^^^^^^^
  File "C:\Users\kwame boateng\Desktop\bethel\venv\Lib\site-packages\django\db\backends\sqlite3\base.py", line 360, in execute
    return super().execute(query, params)
           ^^^^^^^^^^^^^^^^^^^^^^^^^^^^^^
django.db.utils.OperationalError: no such table: churches_church
ERROR 2025-06-27 00:43:23,356 basehttp 9380 13188 "GET / HTTP/1.1" 500 224819
INFO 2025-06-27 00:43:23,424 basehttp 9380 49256 "GET /static/debug_toolbar/js/toolbar.js HTTP/1.1" 304 0
INFO 2025-06-27 00:43:23,424 basehttp 9380 13188 "GET /static/debug_toolbar/css/toolbar.css HTTP/1.1" 304 0
INFO 2025-06-27 00:43:23,478 basehttp 9380 13188 "GET /static/debug_toolbar/css/print.css HTTP/1.1" 304 0
INFO 2025-06-27 00:43:24,206 basehttp 9380 28904 "GET /static/debug_toolbar/js/utils.js HTTP/1.1" 304 0
INFO 2025-06-27 00:45:47,862 autoreload 20648 1604 C:\Users\kwame boateng\Desktop\bethel\apps\churches\migrations\0001_initial.py changed, reloading.
INFO 2025-06-27 00:45:47,849 autoreload 47012 40080 C:\Users\kwame boateng\Desktop\bethel\apps\churches\migrations\0001_initial.py changed, reloading.
INFO 2025-06-27 00:45:47,963 autoreload 38612 45336 C:\Users\kwame boateng\Desktop\bethel\apps\churches\migrations\0001_initial.py changed, reloading.
INFO 2025-06-27 00:45:48,118 autoreload 1956 23764 C:\Users\kwame boateng\Desktop\bethel\apps\churches\migrations\0001_initial.py changed, reloading.
INFO 2025-06-27 00:45:48,094 autoreload 34500 45660 C:\Users\kwame boateng\Desktop\bethel\apps\churches\migrations\0001_initial.py changed, reloading.
INFO 2025-06-27 00:45:48,246 autoreload 11068 21704 C:\Users\kwame boateng\Desktop\bethel\apps\churches\migrations\0001_initial.py changed, reloading.
INFO 2025-06-27 00:45:48,224 autoreload 13444 32456 C:\Users\kwame boateng\Desktop\bethel\apps\churches\migrations\0001_initial.py changed, reloading.
INFO 2025-06-27 00:45:48,412 autoreload 47336 13244 C:\Users\kwame boateng\Desktop\bethel\apps\churches\migrations\0001_initial.py changed, reloading.
INFO 2025-06-27 00:45:48,513 autoreload 4768 24316 C:\Users\kwame boateng\Desktop\bethel\apps\churches\migrations\0001_initial.py changed, reloading.
INFO 2025-06-27 00:45:48,500 autoreload 46268 46628 C:\Users\kwame boateng\Desktop\bethel\apps\churches\migrations\0001_initial.py changed, reloading.
INFO 2025-06-27 00:45:49,202 autoreload 32288 47916 C:\Users\kwame boateng\Desktop\bethel\apps\churches\migrations\0001_initial.py changed, reloading.
INFO 2025-06-27 00:45:49,250 autoreload 9380 46756 C:\Users\kwame boateng\Desktop\bethel\apps\churches\migrations\0001_initial.py changed, reloading.
INFO 2025-06-27 00:45:49,298 autoreload 41628 49508 C:\Users\kwame boateng\Desktop\bethel\apps\churches\migrations\0001_initial.py changed, reloading.
INFO 2025-06-27 00:45:49,290 autoreload 30012 39212 C:\Users\kwame boateng\Desktop\bethel\apps\churches\migrations\0001_initial.py changed, reloading.
INFO 2025-06-27 00:45:59,436 autoreload 14688 6692 Watching for file changes with StatReloader
INFO 2025-06-27 00:46:00,129 autoreload 39352 38016 Watching for file changes with StatReloader
INFO 2025-06-27 00:46:00,334 autoreload 6712 35708 Watching for file changes with StatReloader
INFO 2025-06-27 00:46:01,227 autoreload 28644 34320 Watching for file changes with StatReloader
INFO 2025-06-27 00:46:03,303 autoreload 47696 40732 Watching for file changes with StatReloader
INFO 2025-06-27 00:46:03,980 autoreload 41840 29056 Watching for file changes with StatReloader
INFO 2025-06-27 00:46:04,810 autoreload 27924 47768 Watching for file changes with StatReloader
INFO 2025-06-27 00:46:04,907 autoreload 18092 44928 Watching for file changes with StatReloader
INFO 2025-06-27 00:46:05,046 autoreload 7068 18724 Watching for file changes with StatReloader
INFO 2025-06-27 00:46:05,303 autoreload 49840 46276 Watching for file changes with StatReloader
INFO 2025-06-27 00:46:05,949 autoreload 46264 49928 Watching for file changes with StatReloader
INFO 2025-06-27 00:46:06,182 autoreload 27584 10212 Watching for file changes with StatReloader
INFO 2025-06-27 00:46:06,552 autoreload 47148 18104 Watching for file changes with StatReloader
INFO 2025-06-27 00:46:07,636 autoreload 29448 3144 Watching for file changes with StatReloader
INFO 2025-06-27 00:47:47,598 autoreload 39352 38016 C:\Users\kwame boateng\Desktop\bethel\apps\churches\migrations\0002_initial.py changed, reloading.
INFO 2025-06-27 00:47:47,760 autoreload 46264 49928 C:\Users\kwame boateng\Desktop\bethel\apps\churches\migrations\0002_initial.py changed, reloading.
INFO 2025-06-27 00:47:47,778 autoreload 27924 47768 C:\Users\kwame boateng\Desktop\bethel\apps\churches\migrations\0001_initial.py changed, reloading.
INFO 2025-06-27 00:47:47,828 autoreload 47148 18104 C:\Users\kwame boateng\Desktop\bethel\apps\churches\migrations\0001_initial.py changed, reloading.
INFO 2025-06-27 00:47:47,977 autoreload 49840 46276 C:\Users\kwame boateng\Desktop\bethel\apps\churches\migrations\0001_initial.py changed, reloading.
INFO 2025-06-27 00:47:47,912 autoreload 14688 6692 C:\Users\kwame boateng\Desktop\bethel\apps\churches\migrations\0001_initial.py changed, reloading.
INFO 2025-06-27 00:47:48,128 autoreload 27584 10212 C:\Users\kwame boateng\Desktop\bethel\apps\churches\migrations\0001_initial.py changed, reloading.
INFO 2025-06-27 00:47:48,196 autoreload 47696 40732 C:\Users\kwame boateng\Desktop\bethel\apps\churches\migrations\0002_initial.py changed, reloading.
INFO 2025-06-27 00:47:48,281 autoreload 28644 34320 C:\Users\kwame boateng\Desktop\bethel\apps\churches\migrations\0002_initial.py changed, reloading.
INFO 2025-06-27 00:47:48,301 autoreload 6712 35708 C:\Users\kwame boateng\Desktop\bethel\apps\churches\migrations\0002_initial.py changed, reloading.
INFO 2025-06-27 00:47:48,532 autoreload 41840 29056 C:\Users\kwame boateng\Desktop\bethel\apps\churches\migrations\0001_initial.py changed, reloading.
INFO 2025-06-27 00:47:48,488 autoreload 18092 44928 C:\Users\kwame boateng\Desktop\bethel\apps\churches\migrations\0002_initial.py changed, reloading.
INFO 2025-06-27 00:47:48,794 autoreload 7068 18724 C:\Users\kwame boateng\Desktop\bethel\apps\churches\migrations\0002_initial.py changed, reloading.
INFO 2025-06-27 00:47:48,870 autoreload 29448 3144 C:\Users\kwame boateng\Desktop\bethel\apps\churches\migrations\0001_initial.py changed, reloading.
INFO 2025-06-27 00:47:56,221 autoreload 37708 30816 Watching for file changes with StatReloader
INFO 2025-06-27 00:47:56,496 autoreload 49448 8480 Watching for file changes with StatReloader
INFO 2025-06-27 00:47:57,484 autoreload 49556 4112 Watching for file changes with StatReloader
INFO 2025-06-27 00:47:57,867 autoreload 46444 12752 Watching for file changes with StatReloader
INFO 2025-06-27 00:47:59,548 autoreload 46680 22776 Watching for file changes with StatReloader
INFO 2025-06-27 00:48:02,995 autoreload 43056 36500 Watching for file changes with StatReloader
INFO 2025-06-27 00:48:02,895 autoreload 32676 24568 Watching for file changes with StatReloader
INFO 2025-06-27 00:48:03,198 autoreload 18420 49608 Watching for file changes with StatReloader
INFO 2025-06-27 00:48:04,190 autoreload 28468 23888 Watching for file changes with StatReloader
INFO 2025-06-27 00:48:04,350 autoreload 47860 35232 Watching for file changes with StatReloader
INFO 2025-06-27 00:48:04,560 autoreload 46936 45404 Watching for file changes with StatReloader
INFO 2025-06-27 00:48:04,616 autoreload 11884 14804 Watching for file changes with StatReloader
INFO 2025-06-27 00:48:04,729 autoreload 48136 25936 Watching for file changes with StatReloader
INFO 2025-06-27 00:48:05,307 autoreload 48456 15300 Watching for file changes with StatReloader
INFO 2025-06-27 00:53:39,848 autoreload 46680 22776 C:\Users\kwame boateng\Desktop\bethel\main\models.py changed, reloading.
INFO 2025-06-27 00:53:39,864 autoreload 46936 45404 C:\Users\kwame boateng\Desktop\bethel\main\models.py changed, reloading.
INFO 2025-06-27 00:53:40,235 autoreload 28468 23888 C:\Users\kwame boateng\Desktop\bethel\main\models.py changed, reloading.
INFO 2025-06-27 00:53:40,366 autoreload 37708 30816 C:\Users\kwame boateng\Desktop\bethel\main\models.py changed, reloading.
INFO 2025-06-27 00:53:40,404 autoreload 48136 25936 C:\Users\kwame boateng\Desktop\bethel\main\models.py changed, reloading.
INFO 2025-06-27 00:53:40,457 autoreload 32676 24568 C:\Users\kwame boateng\Desktop\bethel\main\models.py changed, reloading.
INFO 2025-06-27 00:53:40,574 autoreload 48456 15300 C:\Users\kwame boateng\Desktop\bethel\main\models.py changed, reloading.
INFO 2025-06-27 00:53:40,532 autoreload 18420 49608 C:\Users\kwame boateng\Desktop\bethel\main\models.py changed, reloading.
INFO 2025-06-27 00:53:40,744 autoreload 47860 35232 C:\Users\kwame boateng\Desktop\bethel\main\models.py changed, reloading.
INFO 2025-06-27 00:53:40,938 autoreload 49556 4112 C:\Users\kwame boateng\Desktop\bethel\main\models.py changed, reloading.
INFO 2025-06-27 00:53:40,737 autoreload 43056 36500 C:\Users\kwame boateng\Desktop\bethel\main\models.py changed, reloading.
INFO 2025-06-27 00:53:41,086 autoreload 11884 14804 C:\Users\kwame boateng\Desktop\bethel\main\models.py changed, reloading.
INFO 2025-06-27 00:53:41,218 autoreload 49448 8480 C:\Users\kwame boateng\Desktop\bethel\main\models.py changed, reloading.
INFO 2025-06-27 00:53:41,253 autoreload 46444 12752 C:\Users\kwame boateng\Desktop\bethel\main\models.py changed, reloading.
INFO 2025-06-27 00:53:59,188 autoreload 49164 41368 Watching for file changes with StatReloader
INFO 2025-06-27 00:53:59,240 autoreload 41840 49396 Watching for file changes with StatReloader
INFO 2025-06-27 00:53:59,233 autoreload 14688 42848 Watching for file changes with StatReloader
INFO 2025-06-27 00:53:59,224 autoreload 23616 30864 Watching for file changes with StatReloader
INFO 2025-06-27 00:53:59,284 autoreload 47064 4764 Watching for file changes with StatReloader
INFO 2025-06-27 00:53:59,252 autoreload 49824 41216 Watching for file changes with StatReloader
INFO 2025-06-27 00:53:59,269 autoreload 49412 35708 Watching for file changes with StatReloader
INFO 2025-06-27 00:53:59,268 autoreload 39436 24408 Watching for file changes with StatReloader
INFO 2025-06-27 00:53:59,252 autoreload 17952 40812 Watching for file changes with StatReloader
INFO 2025-06-27 00:53:59,201 autoreload 48508 19324 Watching for file changes with StatReloader
INFO 2025-06-27 00:53:59,503 autoreload 18480 19356 Watching for file changes with StatReloader
INFO 2025-06-27 00:53:59,606 autoreload 24960 11612 Watching for file changes with StatReloader
INFO 2025-06-27 00:53:59,601 autoreload 39548 25836 Watching for file changes with StatReloader
INFO 2025-06-27 00:54:03,242 autoreload 47992 14128 Watching for file changes with StatReloader
INFO 2025-06-27 00:54:11,633 autoreload 14688 42848 C:\Users\kwame boateng\Desktop\bethel\apps\churches\models.py changed, reloading.
INFO 2025-06-27 00:54:11,673 autoreload 18480 19356 C:\Users\kwame boateng\Desktop\bethel\apps\churches\models.py changed, reloading.
INFO 2025-06-27 00:54:11,698 autoreload 41840 49396 C:\Users\kwame boateng\Desktop\bethel\apps\churches\models.py changed, reloading.
INFO 2025-06-27 00:54:11,702 autoreload 47064 4764 C:\Users\kwame boateng\Desktop\bethel\apps\churches\models.py changed, reloading.
INFO 2025-06-27 00:54:11,767 autoreload 24960 11612 C:\Users\kwame boateng\Desktop\bethel\apps\churches\models.py changed, reloading.
INFO 2025-06-27 00:54:11,785 autoreload 49412 35708 C:\Users\kwame boateng\Desktop\bethel\apps\churches\models.py changed, reloading.
INFO 2025-06-27 00:54:11,787 autoreload 49824 41216 C:\Users\kwame boateng\Desktop\bethel\apps\churches\models.py changed, reloading.
INFO 2025-06-27 00:54:11,817 autoreload 48508 19324 C:\Users\kwame boateng\Desktop\bethel\apps\churches\models.py changed, reloading.
INFO 2025-06-27 00:54:11,854 autoreload 39548 25836 C:\Users\kwame boateng\Desktop\bethel\apps\churches\models.py changed, reloading.
INFO 2025-06-27 00:54:11,856 autoreload 39436 24408 C:\Users\kwame boateng\Desktop\bethel\apps\churches\models.py changed, reloading.
INFO 2025-06-27 00:54:11,857 autoreload 17952 40812 C:\Users\kwame boateng\Desktop\bethel\apps\churches\models.py changed, reloading.
INFO 2025-06-27 00:54:11,870 autoreload 49164 41368 C:\Users\kwame boateng\Desktop\bethel\apps\churches\models.py changed, reloading.
INFO 2025-06-27 00:54:11,901 autoreload 23616 30864 C:\Users\kwame boateng\Desktop\bethel\apps\churches\models.py changed, reloading.
INFO 2025-06-27 00:54:12,229 autoreload 47992 14128 C:\Users\kwame boateng\Desktop\bethel\apps\churches\models.py changed, reloading.
INFO 2025-06-27 00:54:16,949 autoreload 14184 22684 Watching for file changes with StatReloader
INFO 2025-06-27 00:54:17,086 autoreload 1604 49748 Watching for file changes with StatReloader
INFO 2025-06-27 00:54:17,122 autoreload 44080 47544 Watching for file changes with StatReloader
INFO 2025-06-27 00:54:17,188 autoreload 14612 45968 Watching for file changes with StatReloader
INFO 2025-06-27 00:54:17,198 autoreload 8244 24452 Watching for file changes with StatReloader
INFO 2025-06-27 00:54:17,255 autoreload 36192 9872 Watching for file changes with StatReloader
INFO 2025-06-27 00:54:17,966 autoreload 48372 36728 Watching for file changes with StatReloader
INFO 2025-06-27 00:54:18,688 autoreload 7760 42744 Watching for file changes with StatReloader
INFO 2025-06-27 00:54:21,396 autoreload 28816 18300 Watching for file changes with StatReloader
INFO 2025-06-27 00:54:21,487 autoreload 21700 48584 Watching for file changes with StatReloader
INFO 2025-06-27 00:54:21,626 autoreload 28384 37908 Watching for file changes with StatReloader
INFO 2025-06-27 00:54:21,683 autoreload 10236 45100 Watching for file changes with StatReloader
INFO 2025-06-27 00:54:21,786 autoreload 29852 44036 Watching for file changes with StatReloader
INFO 2025-06-27 00:54:21,866 autoreload 28168 8596 Watching for file changes with StatReloader
INFO 2025-06-27 00:54:48,000 autoreload 1604 49748 C:\Users\kwame boateng\Desktop\bethel\apps\users\models.py changed, reloading.
INFO 2025-06-27 00:54:48,117 autoreload 36192 9872 C:\Users\kwame boateng\Desktop\bethel\apps\users\models.py changed, reloading.
INFO 2025-06-27 00:54:48,257 autoreload 44080 47544 C:\Users\kwame boateng\Desktop\bethel\apps\users\models.py changed, reloading.
INFO 2025-06-27 00:54:48,329 autoreload 21700 48584 C:\Users\kwame boateng\Desktop\bethel\apps\users\models.py changed, reloading.
INFO 2025-06-27 00:54:48,405 autoreload 8244 24452 C:\Users\kwame boateng\Desktop\bethel\apps\users\models.py changed, reloading.
INFO 2025-06-27 00:54:48,477 autoreload 28384 37908 C:\Users\kwame boateng\Desktop\bethel\apps\users\models.py changed, reloading.
INFO 2025-06-27 00:54:48,461 autoreload 28816 18300 C:\Users\kwame boateng\Desktop\bethel\apps\users\models.py changed, reloading.
INFO 2025-06-27 00:54:48,666 autoreload 28168 8596 C:\Users\kwame boateng\Desktop\bethel\apps\users\models.py changed, reloading.
INFO 2025-06-27 00:54:48,555 autoreload 29852 44036 C:\Users\kwame boateng\Desktop\bethel\apps\users\models.py changed, reloading.
INFO 2025-06-27 00:54:48,546 autoreload 7760 42744 C:\Users\kwame boateng\Desktop\bethel\apps\users\models.py changed, reloading.
INFO 2025-06-27 00:54:48,777 autoreload 48372 36728 C:\Users\kwame boateng\Desktop\bethel\apps\users\models.py changed, reloading.
INFO 2025-06-27 00:54:48,532 autoreload 10236 45100 C:\Users\kwame boateng\Desktop\bethel\apps\users\models.py changed, reloading.
INFO 2025-06-27 00:54:48,729 autoreload 14184 22684 C:\Users\kwame boateng\Desktop\bethel\apps\users\models.py changed, reloading.
INFO 2025-06-27 00:54:48,865 autoreload 14612 45968 C:\Users\kwame boateng\Desktop\bethel\apps\users\models.py changed, reloading.
INFO 2025-06-27 00:54:58,531 autoreload 33704 26232 Watching for file changes with StatReloader
INFO 2025-06-27 00:54:58,533 autoreload 32940 21072 Watching for file changes with StatReloader
INFO 2025-06-27 00:54:58,533 autoreload 19412 11504 Watching for file changes with StatReloader
INFO 2025-06-27 00:54:58,533 autoreload 25552 6504 Watching for file changes with StatReloader
INFO 2025-06-27 00:54:58,705 autoreload 11876 26572 Watching for file changes with StatReloader
INFO 2025-06-27 00:54:58,943 autoreload 43052 44604 Watching for file changes with StatReloader
INFO 2025-06-27 00:55:00,001 autoreload 48616 46396 Watching for file changes with StatReloader
INFO 2025-06-27 00:55:00,335 autoreload 22500 49992 Watching for file changes with StatReloader
INFO 2025-06-27 00:55:00,948 autoreload 23660 49036 Watching for file changes with StatReloader
INFO 2025-06-27 00:55:01,102 autoreload 23276 47584 Watching for file changes with StatReloader
INFO 2025-06-27 00:55:02,338 autoreload 3780 18924 Watching for file changes with StatReloader
INFO 2025-06-27 00:55:02,483 autoreload 44868 41308 Watching for file changes with StatReloader
INFO 2025-06-27 00:55:03,102 autoreload 28432 10272 Watching for file changes with StatReloader
INFO 2025-06-27 00:55:04,156 autoreload 48968 26824 Watching for file changes with StatReloader
INFO 2025-06-27 00:56:45,585 autoreload 43052 44604 C:\Users\kwame boateng\Desktop\bethel\apps\churches\admin.py changed, reloading.
INFO 2025-06-27 00:56:45,586 autoreload 23660 49036 C:\Users\kwame boateng\Desktop\bethel\apps\churches\admin.py changed, reloading.
INFO 2025-06-27 00:56:45,595 autoreload 32940 21072 C:\Users\kwame boateng\Desktop\bethel\apps\churches\admin.py changed, reloading.
INFO 2025-06-27 00:56:45,720 autoreload 48968 26824 C:\Users\kwame boateng\Desktop\bethel\apps\churches\admin.py changed, reloading.
INFO 2025-06-27 00:56:45,822 autoreload 3780 18924 C:\Users\kwame boateng\Desktop\bethel\apps\churches\admin.py changed, reloading.
INFO 2025-06-27 00:56:45,818 autoreload 11876 26572 C:\Users\kwame boateng\Desktop\bethel\apps\churches\admin.py changed, reloading.
INFO 2025-06-27 00:56:45,826 autoreload 23276 47584 C:\Users\kwame boateng\Desktop\bethel\apps\churches\admin.py changed, reloading.
INFO 2025-06-27 00:56:45,865 autoreload 33704 26232 C:\Users\kwame boateng\Desktop\bethel\apps\churches\admin.py changed, reloading.
INFO 2025-06-27 00:56:45,877 autoreload 48616 46396 C:\Users\kwame boateng\Desktop\bethel\apps\churches\admin.py changed, reloading.
INFO 2025-06-27 00:56:45,915 autoreload 44868 41308 C:\Users\kwame boateng\Desktop\bethel\apps\churches\admin.py changed, reloading.
INFO 2025-06-27 00:56:45,944 autoreload 19412 11504 C:\Users\kwame boateng\Desktop\bethel\apps\churches\admin.py changed, reloading.
INFO 2025-06-27 00:56:45,961 autoreload 25552 6504 C:\Users\kwame boateng\Desktop\bethel\apps\churches\admin.py changed, reloading.
INFO 2025-06-27 00:56:46,294 autoreload 22500 49992 C:\Users\kwame boateng\Desktop\bethel\apps\churches\admin.py changed, reloading.
INFO 2025-06-27 00:56:46,361 autoreload 28432 10272 C:\Users\kwame boateng\Desktop\bethel\apps\churches\admin.py changed, reloading.
INFO 2025-06-27 00:56:54,502 autoreload 31888 42208 Watching for file changes with StatReloader
INFO 2025-06-27 00:56:54,502 autoreload 17868 13136 Watching for file changes with StatReloader
INFO 2025-06-27 00:56:54,502 autoreload 47400 20516 Watching for file changes with StatReloader
INFO 2025-06-27 00:56:54,502 autoreload 18916 10968 Watching for file changes with StatReloader
INFO 2025-06-27 00:56:54,502 autoreload 9504 46704 Watching for file changes with StatReloader
INFO 2025-06-27 00:56:54,510 autoreload 17208 7720 Watching for file changes with StatReloader
INFO 2025-06-27 00:56:54,512 autoreload 11252 48372 Watching for file changes with StatReloader
INFO 2025-06-27 00:56:54,518 autoreload 28548 25348 Watching for file changes with StatReloader
INFO 2025-06-27 00:56:54,516 autoreload 48744 46164 Watching for file changes with StatReloader
INFO 2025-06-27 00:56:54,512 autoreload 47360 29852 Watching for file changes with StatReloader
INFO 2025-06-27 00:56:54,517 autoreload 24636 49132 Watching for file changes with StatReloader
INFO 2025-06-27 00:56:55,078 autoreload 45428 16204 Watching for file changes with StatReloader
INFO 2025-06-27 00:56:56,067 autoreload 48992 48740 Watching for file changes with StatReloader
INFO 2025-06-27 00:58:01,029 autoreload 17868 13136 C:\Users\kwame boateng\Desktop\bethel\config\settings\base.py changed, reloading.
INFO 2025-06-27 00:58:01,114 autoreload 18916 10968 C:\Users\kwame boateng\Desktop\bethel\config\settings\base.py changed, reloading.
INFO 2025-06-27 00:58:00,979 autoreload 47360 29852 C:\Users\kwame boateng\Desktop\bethel\config\settings\base.py changed, reloading.
INFO 2025-06-27 00:58:01,412 autoreload 17208 7720 C:\Users\kwame boateng\Desktop\bethel\config\settings\base.py changed, reloading.
INFO 2025-06-27 00:58:01,449 autoreload 9504 46704 C:\Users\kwame boateng\Desktop\bethel\config\settings\base.py changed, reloading.
INFO 2025-06-27 00:58:01,453 autoreload 48992 48740 C:\Users\kwame boateng\Desktop\bethel\config\settings\base.py changed, reloading.
INFO 2025-06-27 00:58:01,462 autoreload 28548 25348 C:\Users\kwame boateng\Desktop\bethel\config\settings\base.py changed, reloading.
INFO 2025-06-27 00:58:01,451 autoreload 45428 16204 C:\Users\kwame boateng\Desktop\bethel\config\settings\base.py changed, reloading.
INFO 2025-06-27 00:58:01,450 autoreload 39204 47860 C:\Users\kwame boateng\Desktop\bethel\config\settings\base.py changed, reloading.
INFO 2025-06-27 00:58:01,477 autoreload 31888 42208 C:\Users\kwame boateng\Desktop\bethel\config\settings\base.py changed, reloading.
INFO 2025-06-27 00:58:01,461 autoreload 47400 20516 C:\Users\kwame boateng\Desktop\bethel\config\settings\base.py changed, reloading.
INFO 2025-06-27 00:58:01,442 autoreload 48744 46164 C:\Users\kwame boateng\Desktop\bethel\config\settings\base.py changed, reloading.
INFO 2025-06-27 00:58:01,829 autoreload 24636 49132 C:\Users\kwame boateng\Desktop\bethel\config\settings\base.py changed, reloading.
INFO 2025-06-27 00:58:01,864 autoreload 11252 48372 C:\Users\kwame boateng\Desktop\bethel\config\settings\base.py changed, reloading.
INFO 2025-06-27 00:58:13,175 autoreload 38200 44608 Watching for file changes with StatReloader
INFO 2025-06-27 00:58:13,165 autoreload 44448 15416 Watching for file changes with StatReloader
INFO 2025-06-27 00:58:13,173 autoreload 37992 1776 Watching for file changes with StatReloader
INFO 2025-06-27 00:58:13,184 autoreload 21588 41432 Watching for file changes with StatReloader
INFO 2025-06-27 00:58:13,172 autoreload 12728 23024 Watching for file changes with StatReloader
INFO 2025-06-27 00:58:13,175 autoreload 47420 28644 Watching for file changes with StatReloader
INFO 2025-06-27 00:58:13,177 autoreload 36888 35992 Watching for file changes with StatReloader
INFO 2025-06-27 00:58:13,175 autoreload 13584 3644 Watching for file changes with StatReloader
INFO 2025-06-27 00:58:13,182 autoreload 18712 32784 Watching for file changes with StatReloader
INFO 2025-06-27 00:58:13,182 autoreload 18748 50148 Watching for file changes with StatReloader
INFO 2025-06-27 00:58:13,182 autoreload 26868 12552 Watching for file changes with StatReloader
INFO 2025-06-27 00:58:13,182 autoreload 46516 44776 Watching for file changes with StatReloader
INFO 2025-06-27 00:58:14,268 autoreload 37788 42204 Watching for file changes with StatReloader
INFO 2025-06-27 00:58:26,808 autoreload 37788 42204 C:\Users\kwame boateng\Desktop\bethel\config\settings\base.py changed, reloading.
INFO 2025-06-27 00:58:26,811 autoreload 46516 44776 C:\Users\kwame boateng\Desktop\bethel\config\settings\base.py changed, reloading.
INFO 2025-06-27 00:58:26,845 autoreload 38200 44608 C:\Users\kwame boateng\Desktop\bethel\config\settings\base.py changed, reloading.
INFO 2025-06-27 00:58:26,873 autoreload 26868 12552 C:\Users\kwame boateng\Desktop\bethel\config\settings\base.py changed, reloading.
INFO 2025-06-27 00:58:26,919 autoreload 12728 23024 C:\Users\kwame boateng\Desktop\bethel\config\settings\base.py changed, reloading.
INFO 2025-06-27 00:58:26,917 autoreload 18748 50148 C:\Users\kwame boateng\Desktop\bethel\config\settings\base.py changed, reloading.
INFO 2025-06-27 00:58:27,010 autoreload 36888 35992 C:\Users\kwame boateng\Desktop\bethel\config\settings\base.py changed, reloading.
INFO 2025-06-27 00:58:27,160 autoreload 21588 41432 C:\Users\kwame boateng\Desktop\bethel\config\settings\base.py changed, reloading.
INFO 2025-06-27 00:58:27,128 autoreload 37992 1776 C:\Users\kwame boateng\Desktop\bethel\config\settings\base.py changed, reloading.
INFO 2025-06-27 00:58:27,031 autoreload 18712 32784 C:\Users\kwame boateng\Desktop\bethel\config\settings\base.py changed, reloading.
INFO 2025-06-27 00:58:27,012 autoreload 13584 3644 C:\Users\kwame boateng\Desktop\bethel\config\settings\base.py changed, reloading.
INFO 2025-06-27 00:58:26,967 autoreload 9580 36912 C:\Users\kwame boateng\Desktop\bethel\config\settings\base.py changed, reloading.
INFO 2025-06-27 00:58:27,112 autoreload 44448 15416 C:\Users\kwame boateng\Desktop\bethel\config\settings\base.py changed, reloading.
INFO 2025-06-27 00:58:27,731 autoreload 47420 28644 C:\Users\kwame boateng\Desktop\bethel\config\settings\base.py changed, reloading.
INFO 2025-06-27 00:58:33,724 autoreload 42412 5220 Watching for file changes with StatReloader
INFO 2025-06-27 00:58:33,726 autoreload 12708 49880 Watching for file changes with StatReloader
INFO 2025-06-27 00:58:33,793 autoreload 47068 31584 Watching for file changes with StatReloader
INFO 2025-06-27 00:58:34,480 autoreload 38380 44148 Watching for file changes with StatReloader
INFO 2025-06-27 00:58:34,619 autoreload 49940 48484 Watching for file changes with StatReloader
INFO 2025-06-27 00:58:34,774 autoreload 15576 11668 Watching for file changes with StatReloader
INFO 2025-06-27 00:58:34,754 autoreload 15520 35684 Watching for file changes with StatReloader
INFO 2025-06-27 00:58:34,772 autoreload 16456 41856 Watching for file changes with StatReloader
INFO 2025-06-27 00:58:34,793 autoreload 35564 4224 Watching for file changes with StatReloader
INFO 2025-06-27 00:58:35,049 autoreload 20744 39144 Watching for file changes with StatReloader
INFO 2025-06-27 00:58:35,190 autoreload 41380 2240 Watching for file changes with StatReloader
INFO 2025-06-27 00:58:35,509 autoreload 21640 21516 Watching for file changes with StatReloader
INFO 2025-06-27 00:58:35,870 autoreload 26216 25928 Watching for file changes with StatReloader
INFO 2025-06-27 00:58:36,042 autoreload 10404 37748 Watching for file changes with StatReloader
INFO 2025-06-27 00:58:59,140 autoreload 16456 41856 C:\Users\kwame boateng\Desktop\bethel\config\settings\base.py changed, reloading.
INFO 2025-06-27 00:58:59,249 autoreload 35564 4224 C:\Users\kwame boateng\Desktop\bethel\config\settings\base.py changed, reloading.
INFO 2025-06-27 00:58:59,248 autoreload 15520 35684 C:\Users\kwame boateng\Desktop\bethel\config\settings\base.py changed, reloading.
INFO 2025-06-27 00:58:59,377 autoreload 15576 11668 C:\Users\kwame boateng\Desktop\bethel\config\settings\base.py changed, reloading.
INFO 2025-06-27 00:58:59,494 autoreload 20744 39144 C:\Users\kwame boateng\Desktop\bethel\config\settings\base.py changed, reloading.
INFO 2025-06-27 00:58:59,510 autoreload 41380 2240 C:\Users\kwame boateng\Desktop\bethel\config\settings\base.py changed, reloading.
INFO 2025-06-27 00:58:59,528 autoreload 38380 44148 C:\Users\kwame boateng\Desktop\bethel\config\settings\base.py changed, reloading.
INFO 2025-06-27 00:58:59,571 autoreload 21640 21516 C:\Users\kwame boateng\Desktop\bethel\config\settings\base.py changed, reloading.
INFO 2025-06-27 00:58:59,622 autoreload 42412 5220 C:\Users\kwame boateng\Desktop\bethel\config\settings\base.py changed, reloading.
INFO 2025-06-27 00:58:59,731 autoreload 26216 25928 C:\Users\kwame boateng\Desktop\bethel\config\settings\base.py changed, reloading.
INFO 2025-06-27 00:58:59,750 autoreload 47068 31584 C:\Users\kwame boateng\Desktop\bethel\config\settings\base.py changed, reloading.
INFO 2025-06-27 00:58:59,751 autoreload 10404 37748 C:\Users\kwame boateng\Desktop\bethel\config\settings\base.py changed, reloading.
INFO 2025-06-27 00:58:59,767 autoreload 12708 49880 C:\Users\kwame boateng\Desktop\bethel\config\settings\base.py changed, reloading.
INFO 2025-06-27 00:59:00,263 autoreload 49940 48484 C:\Users\kwame boateng\Desktop\bethel\config\settings\base.py changed, reloading.
INFO 2025-06-27 00:59:07,915 autoreload 22684 43896 Watching for file changes with StatReloader
INFO 2025-06-27 00:59:07,893 autoreload 35892 47424 Watching for file changes with StatReloader
INFO 2025-06-27 00:59:07,927 autoreload 22256 22936 Watching for file changes with StatReloader
INFO 2025-06-27 00:59:07,892 autoreload 14696 26024 Watching for file changes with StatReloader
INFO 2025-06-27 00:59:07,956 autoreload 47064 43604 Watching for file changes with StatReloader
INFO 2025-06-27 00:59:07,974 autoreload 24636 17992 Watching for file changes with StatReloader
INFO 2025-06-27 00:59:08,024 autoreload 42688 44884 Watching for file changes with StatReloader
INFO 2025-06-27 00:59:08,033 autoreload 13268 40412 Watching for file changes with StatReloader
INFO 2025-06-27 00:59:08,040 autoreload 27044 19416 Watching for file changes with StatReloader
INFO 2025-06-27 00:59:08,145 autoreload 36812 40280 Watching for file changes with StatReloader
INFO 2025-06-27 00:59:08,252 autoreload 12588 9440 Watching for file changes with StatReloader
INFO 2025-06-27 00:59:08,262 autoreload 49396 48088 Watching for file changes with StatReloader
INFO 2025-06-27 00:59:08,572 autoreload 24872 36192 Watching for file changes with StatReloader
INFO 2025-06-27 00:59:08,578 autoreload 14816 11904 Watching for file changes with StatReloader
INFO 2025-06-27 01:00:02,897 autoreload 49396 48088 C:\Users\kwame boateng\Desktop\bethel\config\settings\base.py changed, reloading.
INFO 2025-06-27 01:00:03,022 autoreload 22256 22936 C:\Users\kwame boateng\Desktop\bethel\config\settings\base.py changed, reloading.
INFO 2025-06-27 01:00:03,027 autoreload 22684 43896 C:\Users\kwame boateng\Desktop\bethel\config\settings\base.py changed, reloading.
INFO 2025-06-27 01:00:03,128 autoreload 13268 40412 C:\Users\kwame boateng\Desktop\bethel\config\settings\base.py changed, reloading.
INFO 2025-06-27 01:00:03,210 autoreload 36812 40280 C:\Users\kwame boateng\Desktop\bethel\config\settings\base.py changed, reloading.
INFO 2025-06-27 01:00:03,210 autoreload 24636 17992 C:\Users\kwame boateng\Desktop\bethel\config\settings\base.py changed, reloading.
INFO 2025-06-27 01:00:03,201 autoreload 27044 19416 C:\Users\kwame boateng\Desktop\bethel\config\settings\base.py changed, reloading.
INFO 2025-06-27 01:00:03,223 autoreload 12588 9440 C:\Users\kwame boateng\Desktop\bethel\config\settings\base.py changed, reloading.
INFO 2025-06-27 01:00:03,240 autoreload 35892 47424 C:\Users\kwame boateng\Desktop\bethel\config\settings\base.py changed, reloading.
INFO 2025-06-27 01:00:03,297 autoreload 24872 36192 C:\Users\kwame boateng\Desktop\bethel\config\settings\base.py changed, reloading.
INFO 2025-06-27 01:00:03,359 autoreload 47064 43604 C:\Users\kwame boateng\Desktop\bethel\config\settings\base.py changed, reloading.
INFO 2025-06-27 01:00:03,369 autoreload 14696 26024 C:\Users\kwame boateng\Desktop\bethel\config\settings\base.py changed, reloading.
INFO 2025-06-27 01:00:03,374 autoreload 42688 44884 C:\Users\kwame boateng\Desktop\bethel\config\settings\base.py changed, reloading.
INFO 2025-06-27 01:00:03,491 autoreload 14816 11904 C:\Users\kwame boateng\Desktop\bethel\config\settings\base.py changed, reloading.
INFO 2025-06-27 01:00:10,873 autoreload 37108 44196 Watching for file changes with StatReloader
INFO 2025-06-27 01:00:10,876 autoreload 15036 26512 Watching for file changes with StatReloader
INFO 2025-06-27 01:00:10,879 autoreload 17804 132 Watching for file changes with StatReloader
INFO 2025-06-27 01:00:10,893 autoreload 38060 49588 Watching for file changes with StatReloader
INFO 2025-06-27 01:00:10,897 autoreload 8512 19232 Watching for file changes with StatReloader
INFO 2025-06-27 01:00:10,899 autoreload 49896 14440 Watching for file changes with StatReloader
INFO 2025-06-27 01:00:10,895 autoreload 20932 47256 Watching for file changes with StatReloader
INFO 2025-06-27 01:00:10,905 autoreload 6400 9148 Watching for file changes with StatReloader
INFO 2025-06-27 01:00:10,957 autoreload 43504 39848 Watching for file changes with StatReloader
INFO 2025-06-27 01:00:10,956 autoreload 46344 7324 Watching for file changes with StatReloader
INFO 2025-06-27 01:00:11,125 autoreload 16424 39312 Watching for file changes with StatReloader
INFO 2025-06-27 01:00:11,246 autoreload 9232 23764 Watching for file changes with StatReloader
INFO 2025-06-27 01:00:11,377 autoreload 48940 49116 Watching for file changes with StatReloader
INFO 2025-06-27 01:00:11,386 autoreload 21832 46844 Watching for file changes with StatReloader
INFO 2025-06-27 01:02:20,530 autoreload 43504 39848 C:\Users\kwame boateng\Desktop\bethel\main\admin.py changed, reloading.
INFO 2025-06-27 01:02:20,750 autoreload 37108 44196 C:\Users\kwame boateng\Desktop\bethel\main\admin.py changed, reloading.
INFO 2025-06-27 01:02:20,922 autoreload 8512 19232 C:\Users\kwame boateng\Desktop\bethel\main\admin.py changed, reloading.
INFO 2025-06-27 01:02:20,969 autoreload 6400 9148 C:\Users\kwame boateng\Desktop\bethel\main\admin.py changed, reloading.
INFO 2025-06-27 01:02:21,027 autoreload 48940 49116 C:\Users\kwame boateng\Desktop\bethel\main\admin.py changed, reloading.
INFO 2025-06-27 01:02:21,017 autoreload 15036 26512 C:\Users\kwame boateng\Desktop\bethel\main\admin.py changed, reloading.
INFO 2025-06-27 01:02:21,073 autoreload 20932 47256 C:\Users\kwame boateng\Desktop\bethel\main\admin.py changed, reloading.
INFO 2025-06-27 01:02:21,063 autoreload 16424 39312 C:\Users\kwame boateng\Desktop\bethel\main\admin.py changed, reloading.
INFO 2025-06-27 01:02:21,083 autoreload 38060 49588 C:\Users\kwame boateng\Desktop\bethel\main\admin.py changed, reloading.
INFO 2025-06-27 01:02:21,119 autoreload 9232 23764 C:\Users\kwame boateng\Desktop\bethel\main\admin.py changed, reloading.
INFO 2025-06-27 01:02:21,232 autoreload 21832 46844 C:\Users\kwame boateng\Desktop\bethel\main\admin.py changed, reloading.
INFO 2025-06-27 01:02:21,256 autoreload 49896 14440 C:\Users\kwame boateng\Desktop\bethel\main\admin.py changed, reloading.
INFO 2025-06-27 01:02:21,271 autoreload 46344 7324 C:\Users\kwame boateng\Desktop\bethel\main\admin.py changed, reloading.
INFO 2025-06-27 01:02:21,522 autoreload 17804 132 C:\Users\kwame boateng\Desktop\bethel\main\admin.py changed, reloading.
INFO 2025-06-27 01:02:34,324 autoreload 50096 28068 Watching for file changes with StatReloader
INFO 2025-06-27 01:02:34,322 autoreload 50148 39572 Watching for file changes with StatReloader
INFO 2025-06-27 01:02:34,517 autoreload 19216 44416 Watching for file changes with StatReloader
INFO 2025-06-27 01:02:34,519 autoreload 13584 47340 Watching for file changes with StatReloader
INFO 2025-06-27 01:02:34,519 autoreload 45480 43804 Watching for file changes with StatReloader
INFO 2025-06-27 01:02:34,519 autoreload 32776 28644 Watching for file changes with StatReloader
INFO 2025-06-27 01:02:34,518 autoreload 49208 18448 Watching for file changes with StatReloader
INFO 2025-06-27 01:02:34,545 autoreload 27496 32784 Watching for file changes with StatReloader
INFO 2025-06-27 01:02:34,544 autoreload 42124 49704 Watching for file changes with StatReloader
INFO 2025-06-27 01:02:34,925 autoreload 17744 17236 Watching for file changes with StatReloader
INFO 2025-06-27 01:02:34,925 autoreload 26088 17120 Watching for file changes with StatReloader
INFO 2025-06-27 01:02:35,038 autoreload 3712 40000 Watching for file changes with StatReloader
INFO 2025-06-27 01:02:34,724 autoreload 45668 16944 Watching for file changes with StatReloader
INFO 2025-06-27 11:33:49,297 autoreload 20564 26900 Watching for file changes with StatReloader
INFO 2025-06-27 11:34:22,330 autoreload 20564 26900 C:\Users\kwame boateng\Desktop\bethel\config\settings\base.py changed, reloading.
INFO 2025-06-27 11:34:23,296 autoreload 12740 17496 Watching for file changes with StatReloader
INFO 2025-06-27 11:35:31,774 autoreload 12740 17496 C:\Users\kwame boateng\Desktop\bethel\apps\media\forms.py changed, reloading.
INFO 2025-06-27 11:35:32,814 autoreload 20040 13108 Watching for file changes with StatReloader
INFO 2025-06-27 11:35:34,762 autoreload 20040 13108 C:\Users\kwame boateng\Desktop\bethel\apps\news\models.py changed, reloading.
INFO 2025-06-27 11:35:35,568 autoreload 18748 26220 Watching for file changes with StatReloader
INFO 2025-06-27 11:39:13,506 autoreload 27216 21596 Watching for file changes with StatReloader
INFO 2025-06-27 11:43:31,403 autoreload 12444 14704 Watching for file changes with StatReloader
INFO 2025-06-27 11:47:58,971 autoreload 26048 24608 Watching for file changes with StatReloader
INFO 2025-06-27 11:49:19,987 autoreload 26048 24608 C:\Users\kwame boateng\Desktop\bethel\apps\churches\migrations\0001_initial.py changed, reloading.
INFO 2025-06-27 11:49:20,781 autoreload 23788 4044 Watching for file changes with StatReloader
INFO 2025-06-27 11:49:27,083 autoreload 23788 4044 C:\Users\kwame boateng\Desktop\bethel\apps\users\migrations\0001_initial.py changed, reloading.
INFO 2025-06-27 11:49:27,706 autoreload 16024 17420 Watching for file changes with StatReloader
INFO 2025-06-27 11:50:31,837 autoreload 16024 17420 C:\Users\kwame boateng\Desktop\bethel\apps\users\migrations\0001_initial.py changed, reloading.
INFO 2025-06-27 11:50:32,411 autoreload 14844 25492 Watching for file changes with StatReloader
INFO 2025-06-27 11:51:00,784 autoreload 26472 3028 Watching for file changes with StatReloader
WARNING 2025-06-27 11:52:08,755 log 14844 12968 Not Found: /
WARNING 2025-06-27 11:52:08,756 basehttp 14844 12968 "GET / HTTP/1.1" 404 17401
INFO 2025-06-27 11:52:08,803 basehttp 14844 13568 "GET /static/debug_toolbar/js/toolbar.js HTTP/1.1" 304 0
INFO 2025-06-27 11:52:08,803 basehttp 14844 12968 "GET /static/debug_toolbar/css/toolbar.css HTTP/1.1" 304 0
INFO 2025-06-27 11:52:08,811 basehttp 14844 12968 "GET /static/debug_toolbar/css/print.css HTTP/1.1" 304 0
INFO 2025-06-27 11:52:08,888 basehttp 14844 12968 "GET /static/debug_toolbar/js/utils.js HTTP/1.1" 304 0
WARNING 2025-06-27 11:52:11,748 log 14844 12968 Not Found: /
WARNING 2025-06-27 11:52:11,749 basehttp 14844 12968 "GET / HTTP/1.1" 404 17401
WARNING 2025-06-27 11:52:12,765 log 14844 12968 Not Found: /
WARNING 2025-06-27 11:52:12,766 basehttp 14844 12968 "GET / HTTP/1.1" 404 17401
WARNING 2025-06-27 11:52:13,002 log 14844 12968 Not Found: /
WARNING 2025-06-27 11:52:13,002 basehttp 14844 12968 "GET / HTTP/1.1" 404 17401
WARNING 2025-06-27 11:52:13,203 log 14844 3216 Not Found: /
WARNING 2025-06-27 11:52:13,204 basehttp 14844 3216 "GET / HTTP/1.1" 404 17401
WARNING 2025-06-27 11:52:17,191 log 14844 3216 Not Found: /
WARNING 2025-06-27 11:52:17,192 basehttp 14844 3216 "GET / HTTP/1.1" 404 17401
WARNING 2025-06-27 11:52:18,127 log 14844 3216 Not Found: /
WARNING 2025-06-27 11:52:18,127 basehttp 14844 3216 "GET / HTTP/1.1" 404 17401
WARNING 2025-06-27 11:52:18,344 log 14844 3216 Not Found: /
WARNING 2025-06-27 11:52:18,344 basehttp 14844 3216 "GET / HTTP/1.1" 404 17401
WARNING 2025-06-27 11:52:27,340 log 14844 3216 Not Found: /
WARNING 2025-06-27 11:52:27,342 basehttp 14844 3216 "GET / HTTP/1.1" 404 17401
WARNING 2025-06-27 11:52:28,194 log 14844 3216 Not Found: /
WARNING 2025-06-27 11:52:28,194 basehttp 14844 3216 "GET / HTTP/1.1" 404 17401
INFO 2025-06-27 11:53:58,365 autoreload 26472 3028 C:\Users\kwame boateng\Desktop\bethel\config\urls.py changed, reloading.
INFO 2025-06-27 11:53:58,455 autoreload 14844 25492 C:\Users\kwame boateng\Desktop\bethel\config\urls.py changed, reloading.
INFO 2025-06-27 11:53:59,148 autoreload 25496 9436 Watching for file changes with StatReloader
INFO 2025-06-27 11:53:59,200 autoreload 23648 25960 Watching for file changes with StatReloader
INFO 2025-06-27 11:54:07,194 autoreload 11216 10972 Watching for file changes with StatReloader
INFO 2025-06-27 11:55:46,125 autoreload 25496 9436 C:\Users\kwame boateng\Desktop\bethel\config\settings\base.py changed, reloading.
INFO 2025-06-27 11:55:46,357 autoreload 11216 10972 C:\Users\kwame boateng\Desktop\bethel\config\settings\base.py changed, reloading.
INFO 2025-06-27 11:55:46,358 autoreload 23648 25960 C:\Users\kwame boateng\Desktop\bethel\config\settings\base.py changed, reloading.
INFO 2025-06-27 11:55:46,864 autoreload 14412 22964 Watching for file changes with StatReloader
INFO 2025-06-27 11:55:47,109 autoreload 23336 2580 Watching for file changes with StatReloader
INFO 2025-06-27 11:55:47,248 autoreload 4988 22780 Watching for file changes with StatReloader
INFO 2025-06-27 11:55:57,924 autoreload 11680 24712 Watching for file changes with StatReloader
INFO 2025-06-27 11:57:56,507 autoreload 4988 22780 C:\Users\kwame boateng\Desktop\bethel\main\models.py changed, reloading.
INFO 2025-06-27 11:57:57,187 autoreload 18500 20272 Watching for file changes with StatReloader
INFO 2025-06-27 11:58:23,001 autoreload 18500 20272 C:\Users\kwame boateng\Desktop\bethel\main\views.py changed, reloading.
INFO 2025-06-27 11:58:23,767 autoreload 23176 22416 Watching for file changes with StatReloader
INFO 2025-06-27 11:59:03,083 autoreload 23176 22416 C:\Users\kwame boateng\Desktop\bethel\main\models.py changed, reloading.
INFO 2025-06-27 11:59:03,729 autoreload 22144 20128 Watching for file changes with StatReloader
INFO 2025-06-27 11:59:09,501 autoreload 22144 20128 C:\Users\kwame boateng\Desktop\bethel\apps\users\models.py changed, reloading.
INFO 2025-06-27 11:59:10,190 autoreload 14888 25804 Watching for file changes with StatReloader
INFO 2025-06-27 11:59:32,582 autoreload 25672 17728 Watching for file changes with StatReloader
WARNING 2025-06-27 11:59:44,012 log 14888 18640 Not Found: /
WARNING 2025-06-27 11:59:44,015 basehttp 14888 18640 "GET / HTTP/1.1" 404 44316
WARNING 2025-06-27 11:59:46,259 log 14888 18640 Not Found: /
WARNING 2025-06-27 11:59:46,260 basehttp 14888 18640 "GET / HTTP/1.1" 404 44315
WARNING 2025-06-27 12:00:02,775 log 14888 6620 Not Found: /
WARNING 2025-06-27 12:00:02,786 basehttp 14888 6620 "GET / HTTP/1.1" 404 44315
WARNING 2025-06-27 12:00:03,154 log 14888 6620 Not Found: /favicon.ico
WARNING 2025-06-27 12:00:03,158 basehttp 14888 6620 "GET /favicon.ico HTTP/1.1" 404 44377
INFO 2025-06-27 12:00:36,147 autoreload 25664 2720 Watching for file changes with StatReloader
WARNING 2025-06-27 12:01:37,290 log 14888 20988 Not Found: /
WARNING 2025-06-27 12:01:37,292 basehttp 14888 20988 "GET / HTTP/1.1" 404 44315
WARNING 2025-06-27 12:01:39,570 log 14888 20988 Not Found: /
WARNING 2025-06-27 12:01:39,570 basehttp 14888 20988 "GET / HTTP/1.1" 404 44315
WARNING 2025-06-27 12:01:40,280 log 14888 20988 Not Found: /
WARNING 2025-06-27 12:01:40,280 basehttp 14888 20988 "GET / HTTP/1.1" 404 44315
WARNING 2025-06-27 12:01:40,447 log 14888 20988 Not Found: /
WARNING 2025-06-27 12:01:40,447 basehttp 14888 20988 "GET / HTTP/1.1" 404 44315
INFO 2025-06-27 12:02:53,700 autoreload 25672 17728 C:\Users\kwame boateng\Desktop\bethel\main\urls.py changed, reloading.
INFO 2025-06-27 12:02:53,714 autoreload 25664 2720 C:\Users\kwame boateng\Desktop\bethel\main\urls.py changed, reloading.
INFO 2025-06-27 12:02:53,969 autoreload 14888 25804 C:\Users\kwame boateng\Desktop\bethel\main\urls.py changed, reloading.
INFO 2025-06-27 12:02:54,738 autoreload 17960 18452 Watching for file changes with StatReloader
INFO 2025-06-27 12:02:54,739 autoreload 21940 21396 Watching for file changes with StatReloader
INFO 2025-06-27 12:02:55,252 autoreload 14968 23228 Watching for file changes with StatReloader
ERROR 2025-06-27 12:03:33,419 log 17960 13512 Internal Server Error: /
Traceback (most recent call last):
  File "C:\Users\kwame boateng\AppData\Local\Packages\PythonSoftwareFoundation.Python.3.12_qbz5n2kfra8p0\LocalCache\local-packages\Python312\site-packages\django\core\handlers\exception.py", line 55, in inner
    response = get_response(request)
               ^^^^^^^^^^^^^^^^^^^^^
  File "C:\Users\kwame boateng\AppData\Local\Packages\PythonSoftwareFoundation.Python.3.12_qbz5n2kfra8p0\LocalCache\local-packages\Python312\site-packages\django\core\handlers\base.py", line 197, in _get_response
    response = wrapped_callback(request, *callback_args, **callback_kwargs)
               ^^^^^^^^^^^^^^^^^^^^^^^^^^^^^^^^^^^^^^^^^^^^^^^^^^^^^^^^^^^^
  File "C:\Users\kwame boateng\Desktop\bethel\main\views.py", line 112, in home
    return render(request, 'main/home.html', context)
           ^^^^^^^^^^^^^^^^^^^^^^^^^^^^^^^^^^^^^^^^^^
  File "C:\Users\kwame boateng\AppData\Local\Packages\PythonSoftwareFoundation.Python.3.12_qbz5n2kfra8p0\LocalCache\local-packages\Python312\site-packages\django\shortcuts.py", line 25, in render
    content = loader.render_to_string(template_name, context, request, using=using)
              ^^^^^^^^^^^^^^^^^^^^^^^^^^^^^^^^^^^^^^^^^^^^^^^^^^^^^^^^^^^^^^^^^^^^^
  File "C:\Users\kwame boateng\AppData\Local\Packages\PythonSoftwareFoundation.Python.3.12_qbz5n2kfra8p0\LocalCache\local-packages\Python312\site-packages\django\template\loader.py", line 62, in render_to_string
    return template.render(context, request)
           ^^^^^^^^^^^^^^^^^^^^^^^^^^^^^^^^^
  File "C:\Users\kwame boateng\AppData\Local\Packages\PythonSoftwareFoundation.Python.3.12_qbz5n2kfra8p0\LocalCache\local-packages\Python312\site-packages\django\template\backends\django.py", line 107, in render
    return self.template.render(context)
           ^^^^^^^^^^^^^^^^^^^^^^^^^^^^^
  File "C:\Users\kwame boateng\AppData\Local\Packages\PythonSoftwareFoundation.Python.3.12_qbz5n2kfra8p0\LocalCache\local-packages\Python312\site-packages\django\template\base.py", line 169, in render
    with context.bind_template(self):
         ^^^^^^^^^^^^^^^^^^^^^^^^^^^
  File "C:\Program Files\WindowsApps\PythonSoftwareFoundation.Python.3.12_3.12.2800.0_x64__qbz5n2kfra8p0\Lib\contextlib.py", line 137, in __enter__
    return next(self.gen)
           ^^^^^^^^^^^^^^
  File "C:\Users\kwame boateng\AppData\Local\Packages\PythonSoftwareFoundation.Python.3.12_qbz5n2kfra8p0\LocalCache\local-packages\Python312\site-packages\debug_toolbar\panels\templates\panel.py", line 45, in _request_context_bind_template
    processors = template.engine.template_context_processors + self._processors
                 ^^^^^^^^^^^^^^^^^^^^^^^^^^^^^^^^^^^^^^^^^^^
  File "C:\Users\kwame boateng\AppData\Local\Packages\PythonSoftwareFoundation.Python.3.12_qbz5n2kfra8p0\LocalCache\local-packages\Python312\site-packages\django\utils\functional.py", line 47, in __get__
    res = instance.__dict__[self.name] = self.func(instance)
                                         ^^^^^^^^^^^^^^^^^^^
  File "C:\Users\kwame boateng\AppData\Local\Packages\PythonSoftwareFoundation.Python.3.12_qbz5n2kfra8p0\LocalCache\local-packages\Python312\site-packages\django\template\engine.py", line 118, in template_context_processors
    return tuple(import_string(path) for path in context_processors)
           ^^^^^^^^^^^^^^^^^^^^^^^^^^^^^^^^^^^^^^^^^^^^^^^^^^^^^^^^^
  File "C:\Users\kwame boateng\AppData\Local\Packages\PythonSoftwareFoundation.Python.3.12_qbz5n2kfra8p0\LocalCache\local-packages\Python312\site-packages\django\template\engine.py", line 118, in <genexpr>
    return tuple(import_string(path) for path in context_processors)
                 ^^^^^^^^^^^^^^^^^^^
  File "C:\Users\kwame boateng\AppData\Local\Packages\PythonSoftwareFoundation.Python.3.12_qbz5n2kfra8p0\LocalCache\local-packages\Python312\site-packages\django\utils\module_loading.py", line 30, in import_string
    return cached_import(module_path, class_name)
           ^^^^^^^^^^^^^^^^^^^^^^^^^^^^^^^^^^^^^^
  File "C:\Users\kwame boateng\AppData\Local\Packages\PythonSoftwareFoundation.Python.3.12_qbz5n2kfra8p0\LocalCache\local-packages\Python312\site-packages\django\utils\module_loading.py", line 15, in cached_import
    module = import_module(module_path)
             ^^^^^^^^^^^^^^^^^^^^^^^^^^
  File "C:\Program Files\WindowsApps\PythonSoftwareFoundation.Python.3.12_3.12.2800.0_x64__qbz5n2kfra8p0\Lib\importlib\__init__.py", line 90, in import_module
    return _bootstrap._gcd_import(name[level:], package, level)
           ^^^^^^^^^^^^^^^^^^^^^^^^^^^^^^^^^^^^^^^^^^^^^^^^^^^^
  File "<frozen importlib._bootstrap>", line 1387, in _gcd_import
  File "<frozen importlib._bootstrap>", line 1360, in _find_and_load
  File "<frozen importlib._bootstrap>", line 1331, in _find_and_load_unlocked
  File "<frozen importlib._bootstrap>", line 935, in _load_unlocked
  File "<frozen importlib._bootstrap_external>", line 999, in exec_module
  File "<frozen importlib._bootstrap>", line 488, in _call_with_frames_removed
  File "C:\Users\kwame boateng\Desktop\bethel\apps\home\context_processors.py", line 1, in <module>
    from .models import GlobalSettings
ModuleNotFoundError: No module named 'apps.home.models'
ERROR 2025-06-27 12:03:33,548 basehttp 17960 13512 "GET / HTTP/1.1" 500 180929
ERROR 2025-06-27 12:05:14,676 log 17960 25944 Internal Server Error: /
Traceback (most recent call last):
  File "C:\Users\kwame boateng\AppData\Local\Packages\PythonSoftwareFoundation.Python.3.12_qbz5n2kfra8p0\LocalCache\local-packages\Python312\site-packages\django\core\handlers\exception.py", line 55, in inner
    response = get_response(request)
               ^^^^^^^^^^^^^^^^^^^^^
  File "C:\Users\kwame boateng\AppData\Local\Packages\PythonSoftwareFoundation.Python.3.12_qbz5n2kfra8p0\LocalCache\local-packages\Python312\site-packages\django\core\handlers\base.py", line 197, in _get_response
    response = wrapped_callback(request, *callback_args, **callback_kwargs)
               ^^^^^^^^^^^^^^^^^^^^^^^^^^^^^^^^^^^^^^^^^^^^^^^^^^^^^^^^^^^^
  File "C:\Users\kwame boateng\Desktop\bethel\main\views.py", line 112, in home
    return render(request, 'main/home.html', context)
           ^^^^^^^^^^^^^^^^^^^^^^^^^^^^^^^^^^^^^^^^^^
  File "C:\Users\kwame boateng\AppData\Local\Packages\PythonSoftwareFoundation.Python.3.12_qbz5n2kfra8p0\LocalCache\local-packages\Python312\site-packages\django\shortcuts.py", line 25, in render
    content = loader.render_to_string(template_name, context, request, using=using)
              ^^^^^^^^^^^^^^^^^^^^^^^^^^^^^^^^^^^^^^^^^^^^^^^^^^^^^^^^^^^^^^^^^^^^^
  File "C:\Users\kwame boateng\AppData\Local\Packages\PythonSoftwareFoundation.Python.3.12_qbz5n2kfra8p0\LocalCache\local-packages\Python312\site-packages\django\template\loader.py", line 62, in render_to_string
    return template.render(context, request)
           ^^^^^^^^^^^^^^^^^^^^^^^^^^^^^^^^^
  File "C:\Users\kwame boateng\AppData\Local\Packages\PythonSoftwareFoundation.Python.3.12_qbz5n2kfra8p0\LocalCache\local-packages\Python312\site-packages\django\template\backends\django.py", line 107, in render
    return self.template.render(context)
           ^^^^^^^^^^^^^^^^^^^^^^^^^^^^^
  File "C:\Users\kwame boateng\AppData\Local\Packages\PythonSoftwareFoundation.Python.3.12_qbz5n2kfra8p0\LocalCache\local-packages\Python312\site-packages\django\template\base.py", line 171, in render
    return self._render(context)
           ^^^^^^^^^^^^^^^^^^^^^
  File "C:\Users\kwame boateng\AppData\Local\Packages\PythonSoftwareFoundation.Python.3.12_qbz5n2kfra8p0\LocalCache\local-packages\Python312\site-packages\django\test\utils.py", line 114, in instrumented_test_render
    return self.nodelist.render(context)
           ^^^^^^^^^^^^^^^^^^^^^^^^^^^^^
  File "C:\Users\kwame boateng\AppData\Local\Packages\PythonSoftwareFoundation.Python.3.12_qbz5n2kfra8p0\LocalCache\local-packages\Python312\site-packages\django\template\base.py", line 1008, in render
    return SafeString("".join([node.render_annotated(context) for node in self]))
                               ^^^^^^^^^^^^^^^^^^^^^^^^^^^^^^
  File "C:\Users\kwame boateng\AppData\Local\Packages\PythonSoftwareFoundation.Python.3.12_qbz5n2kfra8p0\LocalCache\local-packages\Python312\site-packages\django\template\base.py", line 969, in render_annotated
    return self.render(context)
           ^^^^^^^^^^^^^^^^^^^^
  File "C:\Users\kwame boateng\AppData\Local\Packages\PythonSoftwareFoundation.Python.3.12_qbz5n2kfra8p0\LocalCache\local-packages\Python312\site-packages\django\template\loader_tags.py", line 159, in render
    return compiled_parent._render(context)
           ^^^^^^^^^^^^^^^^^^^^^^^^^^^^^^^^
  File "C:\Users\kwame boateng\AppData\Local\Packages\PythonSoftwareFoundation.Python.3.12_qbz5n2kfra8p0\LocalCache\local-packages\Python312\site-packages\django\test\utils.py", line 114, in instrumented_test_render
    return self.nodelist.render(context)
           ^^^^^^^^^^^^^^^^^^^^^^^^^^^^^
  File "C:\Users\kwame boateng\AppData\Local\Packages\PythonSoftwareFoundation.Python.3.12_qbz5n2kfra8p0\LocalCache\local-packages\Python312\site-packages\django\template\base.py", line 1008, in render
    return SafeString("".join([node.render_annotated(context) for node in self]))
                               ^^^^^^^^^^^^^^^^^^^^^^^^^^^^^^
  File "C:\Users\kwame boateng\AppData\Local\Packages\PythonSoftwareFoundation.Python.3.12_qbz5n2kfra8p0\LocalCache\local-packages\Python312\site-packages\django\template\base.py", line 969, in render_annotated
    return self.render(context)
           ^^^^^^^^^^^^^^^^^^^^
  File "C:\Users\kwame boateng\AppData\Local\Packages\PythonSoftwareFoundation.Python.3.12_qbz5n2kfra8p0\LocalCache\local-packages\Python312\site-packages\django\template\loader_tags.py", line 65, in render
    result = block.nodelist.render(context)
             ^^^^^^^^^^^^^^^^^^^^^^^^^^^^^^
  File "C:\Users\kwame boateng\AppData\Local\Packages\PythonSoftwareFoundation.Python.3.12_qbz5n2kfra8p0\LocalCache\local-packages\Python312\site-packages\django\template\base.py", line 1008, in render
    return SafeString("".join([node.render_annotated(context) for node in self]))
                               ^^^^^^^^^^^^^^^^^^^^^^^^^^^^^^
  File "C:\Users\kwame boateng\AppData\Local\Packages\PythonSoftwareFoundation.Python.3.12_qbz5n2kfra8p0\LocalCache\local-packages\Python312\site-packages\django\template\base.py", line 969, in render_annotated
    return self.render(context)
           ^^^^^^^^^^^^^^^^^^^^
  File "C:\Users\kwame boateng\AppData\Local\Packages\PythonSoftwareFoundation.Python.3.12_qbz5n2kfra8p0\LocalCache\local-packages\Python312\site-packages\django\template\defaulttags.py", line 480, in render
    url = reverse(view_name, args=args, kwargs=kwargs, current_app=current_app)
          ^^^^^^^^^^^^^^^^^^^^^^^^^^^^^^^^^^^^^^^^^^^^^^^^^^^^^^^^^^^^^^^^^^^^^
  File "C:\Users\kwame boateng\AppData\Local\Packages\PythonSoftwareFoundation.Python.3.12_qbz5n2kfra8p0\LocalCache\local-packages\Python312\site-packages\django\urls\base.py", line 88, in reverse
    return resolver._reverse_with_prefix(view, prefix, *args, **kwargs)
           ^^^^^^^^^^^^^^^^^^^^^^^^^^^^^^^^^^^^^^^^^^^^^^^^^^^^^^^^^^^^
  File "C:\Users\kwame boateng\AppData\Local\Packages\PythonSoftwareFoundation.Python.3.12_qbz5n2kfra8p0\LocalCache\local-packages\Python312\site-packages\django\urls\resolvers.py", line 831, in _reverse_with_prefix
    raise NoReverseMatch(msg)
django.urls.exceptions.NoReverseMatch: Reverse for 'event_list' with no arguments not found. 1 pattern(s) tried: ['country/(?P<country_name>[^/]+)/events/\\Z']
ERROR 2025-06-27 12:05:14,962 basehttp 17960 25944 "GET / HTTP/1.1" 500 201614
INFO 2025-06-27 12:06:35,741 autoreload 18716 24208 Watching for file changes with StatReloader
INFO 2025-06-27 12:06:48,252 autoreload 5416 25908 Watching for file changes with StatReloader
ERROR 2025-06-27 12:07:13,993 log 17960 10796 Internal Server Error: /
Traceback (most recent call last):
  File "C:\Users\kwame boateng\AppData\Local\Packages\PythonSoftwareFoundation.Python.3.12_qbz5n2kfra8p0\LocalCache\local-packages\Python312\site-packages\django\urls\base.py", line 71, in reverse
    extra, resolver = resolver.namespace_dict[ns]
                      ~~~~~~~~~~~~~~~~~~~~~~~^^^^
KeyError: 'users'

During handling of the above exception, another exception occurred:

Traceback (most recent call last):
  File "C:\Users\kwame boateng\AppData\Local\Packages\PythonSoftwareFoundation.Python.3.12_qbz5n2kfra8p0\LocalCache\local-packages\Python312\site-packages\django\core\handlers\exception.py", line 55, in inner
    response = get_response(request)
               ^^^^^^^^^^^^^^^^^^^^^
  File "C:\Users\kwame boateng\AppData\Local\Packages\PythonSoftwareFoundation.Python.3.12_qbz5n2kfra8p0\LocalCache\local-packages\Python312\site-packages\django\core\handlers\base.py", line 197, in _get_response
    response = wrapped_callback(request, *callback_args, **callback_kwargs)
               ^^^^^^^^^^^^^^^^^^^^^^^^^^^^^^^^^^^^^^^^^^^^^^^^^^^^^^^^^^^^
  File "C:\Users\kwame boateng\Desktop\bethel\main\views.py", line 112, in home
    return render(request, 'main/home.html', context)
           ^^^^^^^^^^^^^^^^^^^^^^^^^^^^^^^^^^^^^^^^^^
  File "C:\Users\kwame boateng\AppData\Local\Packages\PythonSoftwareFoundation.Python.3.12_qbz5n2kfra8p0\LocalCache\local-packages\Python312\site-packages\django\shortcuts.py", line 25, in render
    content = loader.render_to_string(template_name, context, request, using=using)
              ^^^^^^^^^^^^^^^^^^^^^^^^^^^^^^^^^^^^^^^^^^^^^^^^^^^^^^^^^^^^^^^^^^^^^
  File "C:\Users\kwame boateng\AppData\Local\Packages\PythonSoftwareFoundation.Python.3.12_qbz5n2kfra8p0\LocalCache\local-packages\Python312\site-packages\django\template\loader.py", line 62, in render_to_string
    return template.render(context, request)
           ^^^^^^^^^^^^^^^^^^^^^^^^^^^^^^^^^
  File "C:\Users\kwame boateng\AppData\Local\Packages\PythonSoftwareFoundation.Python.3.12_qbz5n2kfra8p0\LocalCache\local-packages\Python312\site-packages\django\template\backends\django.py", line 107, in render
    return self.template.render(context)
           ^^^^^^^^^^^^^^^^^^^^^^^^^^^^^
  File "C:\Users\kwame boateng\AppData\Local\Packages\PythonSoftwareFoundation.Python.3.12_qbz5n2kfra8p0\LocalCache\local-packages\Python312\site-packages\django\template\base.py", line 171, in render
    return self._render(context)
           ^^^^^^^^^^^^^^^^^^^^^
  File "C:\Users\kwame boateng\AppData\Local\Packages\PythonSoftwareFoundation.Python.3.12_qbz5n2kfra8p0\LocalCache\local-packages\Python312\site-packages\django\test\utils.py", line 114, in instrumented_test_render
    return self.nodelist.render(context)
           ^^^^^^^^^^^^^^^^^^^^^^^^^^^^^
  File "C:\Users\kwame boateng\AppData\Local\Packages\PythonSoftwareFoundation.Python.3.12_qbz5n2kfra8p0\LocalCache\local-packages\Python312\site-packages\django\template\base.py", line 1008, in render
    return SafeString("".join([node.render_annotated(context) for node in self]))
                               ^^^^^^^^^^^^^^^^^^^^^^^^^^^^^^
  File "C:\Users\kwame boateng\AppData\Local\Packages\PythonSoftwareFoundation.Python.3.12_qbz5n2kfra8p0\LocalCache\local-packages\Python312\site-packages\django\template\base.py", line 969, in render_annotated
    return self.render(context)
           ^^^^^^^^^^^^^^^^^^^^
  File "C:\Users\kwame boateng\AppData\Local\Packages\PythonSoftwareFoundation.Python.3.12_qbz5n2kfra8p0\LocalCache\local-packages\Python312\site-packages\django\template\loader_tags.py", line 159, in render
    return compiled_parent._render(context)
           ^^^^^^^^^^^^^^^^^^^^^^^^^^^^^^^^
  File "C:\Users\kwame boateng\AppData\Local\Packages\PythonSoftwareFoundation.Python.3.12_qbz5n2kfra8p0\LocalCache\local-packages\Python312\site-packages\django\test\utils.py", line 114, in instrumented_test_render
    return self.nodelist.render(context)
           ^^^^^^^^^^^^^^^^^^^^^^^^^^^^^
  File "C:\Users\kwame boateng\AppData\Local\Packages\PythonSoftwareFoundation.Python.3.12_qbz5n2kfra8p0\LocalCache\local-packages\Python312\site-packages\django\template\base.py", line 1008, in render
    return SafeString("".join([node.render_annotated(context) for node in self]))
                               ^^^^^^^^^^^^^^^^^^^^^^^^^^^^^^
  File "C:\Users\kwame boateng\AppData\Local\Packages\PythonSoftwareFoundation.Python.3.12_qbz5n2kfra8p0\LocalCache\local-packages\Python312\site-packages\django\template\base.py", line 969, in render_annotated
    return self.render(context)
           ^^^^^^^^^^^^^^^^^^^^
  File "C:\Users\kwame boateng\AppData\Local\Packages\PythonSoftwareFoundation.Python.3.12_qbz5n2kfra8p0\LocalCache\local-packages\Python312\site-packages\django\template\loader_tags.py", line 65, in render
    result = block.nodelist.render(context)
             ^^^^^^^^^^^^^^^^^^^^^^^^^^^^^^
  File "C:\Users\kwame boateng\AppData\Local\Packages\PythonSoftwareFoundation.Python.3.12_qbz5n2kfra8p0\LocalCache\local-packages\Python312\site-packages\django\template\base.py", line 1008, in render
    return SafeString("".join([node.render_annotated(context) for node in self]))
                               ^^^^^^^^^^^^^^^^^^^^^^^^^^^^^^
  File "C:\Users\kwame boateng\AppData\Local\Packages\PythonSoftwareFoundation.Python.3.12_qbz5n2kfra8p0\LocalCache\local-packages\Python312\site-packages\django\template\base.py", line 969, in render_annotated
    return self.render(context)
           ^^^^^^^^^^^^^^^^^^^^
  File "C:\Users\kwame boateng\AppData\Local\Packages\PythonSoftwareFoundation.Python.3.12_qbz5n2kfra8p0\LocalCache\local-packages\Python312\site-packages\django\template\defaulttags.py", line 327, in render
    return nodelist.render(context)
           ^^^^^^^^^^^^^^^^^^^^^^^^
  File "C:\Users\kwame boateng\AppData\Local\Packages\PythonSoftwareFoundation.Python.3.12_qbz5n2kfra8p0\LocalCache\local-packages\Python312\site-packages\django\template\base.py", line 1008, in render
    return SafeString("".join([node.render_annotated(context) for node in self]))
                               ^^^^^^^^^^^^^^^^^^^^^^^^^^^^^^
  File "C:\Users\kwame boateng\AppData\Local\Packages\PythonSoftwareFoundation.Python.3.12_qbz5n2kfra8p0\LocalCache\local-packages\Python312\site-packages\django\template\base.py", line 969, in render_annotated
    return self.render(context)
           ^^^^^^^^^^^^^^^^^^^^
  File "C:\Users\kwame boateng\AppData\Local\Packages\PythonSoftwareFoundation.Python.3.12_qbz5n2kfra8p0\LocalCache\local-packages\Python312\site-packages\django\template\defaulttags.py", line 480, in render
    url = reverse(view_name, args=args, kwargs=kwargs, current_app=current_app)
          ^^^^^^^^^^^^^^^^^^^^^^^^^^^^^^^^^^^^^^^^^^^^^^^^^^^^^^^^^^^^^^^^^^^^^
  File "C:\Users\kwame boateng\AppData\Local\Packages\PythonSoftwareFoundation.Python.3.12_qbz5n2kfra8p0\LocalCache\local-packages\Python312\site-packages\django\urls\base.py", line 82, in reverse
    raise NoReverseMatch("%s is not a registered namespace" % key)
django.urls.exceptions.NoReverseMatch: 'users' is not a registered namespace
ERROR 2025-06-27 12:07:14,241 basehttp 17960 10796 "GET / HTTP/1.1" 500 217241
ERROR 2025-06-27 12:07:29,292 log 17960 20204 Internal Server Error: /
Traceback (most recent call last):
  File "C:\Users\kwame boateng\AppData\Local\Packages\PythonSoftwareFoundation.Python.3.12_qbz5n2kfra8p0\LocalCache\local-packages\Python312\site-packages\django\urls\base.py", line 71, in reverse
    extra, resolver = resolver.namespace_dict[ns]
                      ~~~~~~~~~~~~~~~~~~~~~~~^^^^
KeyError: 'users'

During handling of the above exception, another exception occurred:

Traceback (most recent call last):
  File "C:\Users\kwame boateng\AppData\Local\Packages\PythonSoftwareFoundation.Python.3.12_qbz5n2kfra8p0\LocalCache\local-packages\Python312\site-packages\django\core\handlers\exception.py", line 55, in inner
    response = get_response(request)
               ^^^^^^^^^^^^^^^^^^^^^
  File "C:\Users\kwame boateng\AppData\Local\Packages\PythonSoftwareFoundation.Python.3.12_qbz5n2kfra8p0\LocalCache\local-packages\Python312\site-packages\django\core\handlers\base.py", line 197, in _get_response
    response = wrapped_callback(request, *callback_args, **callback_kwargs)
               ^^^^^^^^^^^^^^^^^^^^^^^^^^^^^^^^^^^^^^^^^^^^^^^^^^^^^^^^^^^^
  File "C:\Users\kwame boateng\Desktop\bethel\main\views.py", line 112, in home
    return render(request, 'main/home.html', context)
           ^^^^^^^^^^^^^^^^^^^^^^^^^^^^^^^^^^^^^^^^^^
  File "C:\Users\kwame boateng\AppData\Local\Packages\PythonSoftwareFoundation.Python.3.12_qbz5n2kfra8p0\LocalCache\local-packages\Python312\site-packages\django\shortcuts.py", line 25, in render
    content = loader.render_to_string(template_name, context, request, using=using)
              ^^^^^^^^^^^^^^^^^^^^^^^^^^^^^^^^^^^^^^^^^^^^^^^^^^^^^^^^^^^^^^^^^^^^^
  File "C:\Users\kwame boateng\AppData\Local\Packages\PythonSoftwareFoundation.Python.3.12_qbz5n2kfra8p0\LocalCache\local-packages\Python312\site-packages\django\template\loader.py", line 62, in render_to_string
    return template.render(context, request)
           ^^^^^^^^^^^^^^^^^^^^^^^^^^^^^^^^^
  File "C:\Users\kwame boateng\AppData\Local\Packages\PythonSoftwareFoundation.Python.3.12_qbz5n2kfra8p0\LocalCache\local-packages\Python312\site-packages\django\template\backends\django.py", line 107, in render
    return self.template.render(context)
           ^^^^^^^^^^^^^^^^^^^^^^^^^^^^^
  File "C:\Users\kwame boateng\AppData\Local\Packages\PythonSoftwareFoundation.Python.3.12_qbz5n2kfra8p0\LocalCache\local-packages\Python312\site-packages\django\template\base.py", line 171, in render
    return self._render(context)
           ^^^^^^^^^^^^^^^^^^^^^
  File "C:\Users\kwame boateng\AppData\Local\Packages\PythonSoftwareFoundation.Python.3.12_qbz5n2kfra8p0\LocalCache\local-packages\Python312\site-packages\django\test\utils.py", line 114, in instrumented_test_render
    return self.nodelist.render(context)
           ^^^^^^^^^^^^^^^^^^^^^^^^^^^^^
  File "C:\Users\kwame boateng\AppData\Local\Packages\PythonSoftwareFoundation.Python.3.12_qbz5n2kfra8p0\LocalCache\local-packages\Python312\site-packages\django\template\base.py", line 1008, in render
    return SafeString("".join([node.render_annotated(context) for node in self]))
                               ^^^^^^^^^^^^^^^^^^^^^^^^^^^^^^
  File "C:\Users\kwame boateng\AppData\Local\Packages\PythonSoftwareFoundation.Python.3.12_qbz5n2kfra8p0\LocalCache\local-packages\Python312\site-packages\django\template\base.py", line 969, in render_annotated
    return self.render(context)
           ^^^^^^^^^^^^^^^^^^^^
  File "C:\Users\kwame boateng\AppData\Local\Packages\PythonSoftwareFoundation.Python.3.12_qbz5n2kfra8p0\LocalCache\local-packages\Python312\site-packages\django\template\loader_tags.py", line 159, in render
    return compiled_parent._render(context)
           ^^^^^^^^^^^^^^^^^^^^^^^^^^^^^^^^
  File "C:\Users\kwame boateng\AppData\Local\Packages\PythonSoftwareFoundation.Python.3.12_qbz5n2kfra8p0\LocalCache\local-packages\Python312\site-packages\django\test\utils.py", line 114, in instrumented_test_render
    return self.nodelist.render(context)
           ^^^^^^^^^^^^^^^^^^^^^^^^^^^^^
  File "C:\Users\kwame boateng\AppData\Local\Packages\PythonSoftwareFoundation.Python.3.12_qbz5n2kfra8p0\LocalCache\local-packages\Python312\site-packages\django\template\base.py", line 1008, in render
    return SafeString("".join([node.render_annotated(context) for node in self]))
                               ^^^^^^^^^^^^^^^^^^^^^^^^^^^^^^
  File "C:\Users\kwame boateng\AppData\Local\Packages\PythonSoftwareFoundation.Python.3.12_qbz5n2kfra8p0\LocalCache\local-packages\Python312\site-packages\django\template\base.py", line 969, in render_annotated
    return self.render(context)
           ^^^^^^^^^^^^^^^^^^^^
  File "C:\Users\kwame boateng\AppData\Local\Packages\PythonSoftwareFoundation.Python.3.12_qbz5n2kfra8p0\LocalCache\local-packages\Python312\site-packages\django\template\loader_tags.py", line 65, in render
    result = block.nodelist.render(context)
             ^^^^^^^^^^^^^^^^^^^^^^^^^^^^^^
  File "C:\Users\kwame boateng\AppData\Local\Packages\PythonSoftwareFoundation.Python.3.12_qbz5n2kfra8p0\LocalCache\local-packages\Python312\site-packages\django\template\base.py", line 1008, in render
    return SafeString("".join([node.render_annotated(context) for node in self]))
                               ^^^^^^^^^^^^^^^^^^^^^^^^^^^^^^
  File "C:\Users\kwame boateng\AppData\Local\Packages\PythonSoftwareFoundation.Python.3.12_qbz5n2kfra8p0\LocalCache\local-packages\Python312\site-packages\django\template\base.py", line 969, in render_annotated
    return self.render(context)
           ^^^^^^^^^^^^^^^^^^^^
  File "C:\Users\kwame boateng\AppData\Local\Packages\PythonSoftwareFoundation.Python.3.12_qbz5n2kfra8p0\LocalCache\local-packages\Python312\site-packages\django\template\defaulttags.py", line 327, in render
    return nodelist.render(context)
           ^^^^^^^^^^^^^^^^^^^^^^^^
  File "C:\Users\kwame boateng\AppData\Local\Packages\PythonSoftwareFoundation.Python.3.12_qbz5n2kfra8p0\LocalCache\local-packages\Python312\site-packages\django\template\base.py", line 1008, in render
    return SafeString("".join([node.render_annotated(context) for node in self]))
                               ^^^^^^^^^^^^^^^^^^^^^^^^^^^^^^
  File "C:\Users\kwame boateng\AppData\Local\Packages\PythonSoftwareFoundation.Python.3.12_qbz5n2kfra8p0\LocalCache\local-packages\Python312\site-packages\django\template\base.py", line 969, in render_annotated
    return self.render(context)
           ^^^^^^^^^^^^^^^^^^^^
  File "C:\Users\kwame boateng\AppData\Local\Packages\PythonSoftwareFoundation.Python.3.12_qbz5n2kfra8p0\LocalCache\local-packages\Python312\site-packages\django\template\defaulttags.py", line 480, in render
    url = reverse(view_name, args=args, kwargs=kwargs, current_app=current_app)
          ^^^^^^^^^^^^^^^^^^^^^^^^^^^^^^^^^^^^^^^^^^^^^^^^^^^^^^^^^^^^^^^^^^^^^
  File "C:\Users\kwame boateng\AppData\Local\Packages\PythonSoftwareFoundation.Python.3.12_qbz5n2kfra8p0\LocalCache\local-packages\Python312\site-packages\django\urls\base.py", line 82, in reverse
    raise NoReverseMatch("%s is not a registered namespace" % key)
django.urls.exceptions.NoReverseMatch: 'users' is not a registered namespace
ERROR 2025-06-27 12:07:29,414 basehttp 17960 20204 "GET / HTTP/1.1" 500 217241
ERROR 2025-06-27 12:08:55,686 log 17960 5652 Internal Server Error: /
Traceback (most recent call last):
  File "C:\Users\kwame boateng\AppData\Local\Packages\PythonSoftwareFoundation.Python.3.12_qbz5n2kfra8p0\LocalCache\local-packages\Python312\site-packages\django\core\handlers\exception.py", line 55, in inner
    response = get_response(request)
               ^^^^^^^^^^^^^^^^^^^^^
  File "C:\Users\kwame boateng\AppData\Local\Packages\PythonSoftwareFoundation.Python.3.12_qbz5n2kfra8p0\LocalCache\local-packages\Python312\site-packages\django\core\handlers\base.py", line 197, in _get_response
    response = wrapped_callback(request, *callback_args, **callback_kwargs)
               ^^^^^^^^^^^^^^^^^^^^^^^^^^^^^^^^^^^^^^^^^^^^^^^^^^^^^^^^^^^^
  File "C:\Users\kwame boateng\Desktop\bethel\main\views.py", line 112, in home
    return render(request, 'main/home.html', context)
           ^^^^^^^^^^^^^^^^^^^^^^^^^^^^^^^^^^^^^^^^^^
  File "C:\Users\kwame boateng\AppData\Local\Packages\PythonSoftwareFoundation.Python.3.12_qbz5n2kfra8p0\LocalCache\local-packages\Python312\site-packages\django\shortcuts.py", line 25, in render
    content = loader.render_to_string(template_name, context, request, using=using)
              ^^^^^^^^^^^^^^^^^^^^^^^^^^^^^^^^^^^^^^^^^^^^^^^^^^^^^^^^^^^^^^^^^^^^^
  File "C:\Users\kwame boateng\AppData\Local\Packages\PythonSoftwareFoundation.Python.3.12_qbz5n2kfra8p0\LocalCache\local-packages\Python312\site-packages\django\template\loader.py", line 62, in render_to_string
    return template.render(context, request)
           ^^^^^^^^^^^^^^^^^^^^^^^^^^^^^^^^^
  File "C:\Users\kwame boateng\AppData\Local\Packages\PythonSoftwareFoundation.Python.3.12_qbz5n2kfra8p0\LocalCache\local-packages\Python312\site-packages\django\template\backends\django.py", line 107, in render
    return self.template.render(context)
           ^^^^^^^^^^^^^^^^^^^^^^^^^^^^^
  File "C:\Users\kwame boateng\AppData\Local\Packages\PythonSoftwareFoundation.Python.3.12_qbz5n2kfra8p0\LocalCache\local-packages\Python312\site-packages\django\template\base.py", line 171, in render
    return self._render(context)
           ^^^^^^^^^^^^^^^^^^^^^
  File "C:\Users\kwame boateng\AppData\Local\Packages\PythonSoftwareFoundation.Python.3.12_qbz5n2kfra8p0\LocalCache\local-packages\Python312\site-packages\django\test\utils.py", line 114, in instrumented_test_render
    return self.nodelist.render(context)
           ^^^^^^^^^^^^^^^^^^^^^^^^^^^^^
  File "C:\Users\kwame boateng\AppData\Local\Packages\PythonSoftwareFoundation.Python.3.12_qbz5n2kfra8p0\LocalCache\local-packages\Python312\site-packages\django\template\base.py", line 1008, in render
    return SafeString("".join([node.render_annotated(context) for node in self]))
                               ^^^^^^^^^^^^^^^^^^^^^^^^^^^^^^
  File "C:\Users\kwame boateng\AppData\Local\Packages\PythonSoftwareFoundation.Python.3.12_qbz5n2kfra8p0\LocalCache\local-packages\Python312\site-packages\django\template\base.py", line 969, in render_annotated
    return self.render(context)
           ^^^^^^^^^^^^^^^^^^^^
  File "C:\Users\kwame boateng\AppData\Local\Packages\PythonSoftwareFoundation.Python.3.12_qbz5n2kfra8p0\LocalCache\local-packages\Python312\site-packages\django\template\loader_tags.py", line 159, in render
    return compiled_parent._render(context)
           ^^^^^^^^^^^^^^^^^^^^^^^^^^^^^^^^
  File "C:\Users\kwame boateng\AppData\Local\Packages\PythonSoftwareFoundation.Python.3.12_qbz5n2kfra8p0\LocalCache\local-packages\Python312\site-packages\django\test\utils.py", line 114, in instrumented_test_render
    return self.nodelist.render(context)
           ^^^^^^^^^^^^^^^^^^^^^^^^^^^^^
  File "C:\Users\kwame boateng\AppData\Local\Packages\PythonSoftwareFoundation.Python.3.12_qbz5n2kfra8p0\LocalCache\local-packages\Python312\site-packages\django\template\base.py", line 1008, in render
    return SafeString("".join([node.render_annotated(context) for node in self]))
                               ^^^^^^^^^^^^^^^^^^^^^^^^^^^^^^
  File "C:\Users\kwame boateng\AppData\Local\Packages\PythonSoftwareFoundation.Python.3.12_qbz5n2kfra8p0\LocalCache\local-packages\Python312\site-packages\django\template\base.py", line 969, in render_annotated
    return self.render(context)
           ^^^^^^^^^^^^^^^^^^^^
  File "C:\Users\kwame boateng\AppData\Local\Packages\PythonSoftwareFoundation.Python.3.12_qbz5n2kfra8p0\LocalCache\local-packages\Python312\site-packages\django\template\loader_tags.py", line 65, in render
    result = block.nodelist.render(context)
             ^^^^^^^^^^^^^^^^^^^^^^^^^^^^^^
  File "C:\Users\kwame boateng\AppData\Local\Packages\PythonSoftwareFoundation.Python.3.12_qbz5n2kfra8p0\LocalCache\local-packages\Python312\site-packages\django\template\base.py", line 1008, in render
    return SafeString("".join([node.render_annotated(context) for node in self]))
                               ^^^^^^^^^^^^^^^^^^^^^^^^^^^^^^
  File "C:\Users\kwame boateng\AppData\Local\Packages\PythonSoftwareFoundation.Python.3.12_qbz5n2kfra8p0\LocalCache\local-packages\Python312\site-packages\django\template\base.py", line 969, in render_annotated
    return self.render(context)
           ^^^^^^^^^^^^^^^^^^^^
  File "C:\Users\kwame boateng\AppData\Local\Packages\PythonSoftwareFoundation.Python.3.12_qbz5n2kfra8p0\LocalCache\local-packages\Python312\site-packages\django\template\defaulttags.py", line 327, in render
    return nodelist.render(context)
           ^^^^^^^^^^^^^^^^^^^^^^^^
  File "C:\Users\kwame boateng\AppData\Local\Packages\PythonSoftwareFoundation.Python.3.12_qbz5n2kfra8p0\LocalCache\local-packages\Python312\site-packages\django\template\base.py", line 1008, in render
    return SafeString("".join([node.render_annotated(context) for node in self]))
                               ^^^^^^^^^^^^^^^^^^^^^^^^^^^^^^
  File "C:\Users\kwame boateng\AppData\Local\Packages\PythonSoftwareFoundation.Python.3.12_qbz5n2kfra8p0\LocalCache\local-packages\Python312\site-packages\django\template\base.py", line 969, in render_annotated
    return self.render(context)
           ^^^^^^^^^^^^^^^^^^^^
  File "C:\Users\kwame boateng\AppData\Local\Packages\PythonSoftwareFoundation.Python.3.12_qbz5n2kfra8p0\LocalCache\local-packages\Python312\site-packages\django\template\defaulttags.py", line 480, in render
    url = reverse(view_name, args=args, kwargs=kwargs, current_app=current_app)
          ^^^^^^^^^^^^^^^^^^^^^^^^^^^^^^^^^^^^^^^^^^^^^^^^^^^^^^^^^^^^^^^^^^^^^
  File "C:\Users\kwame boateng\AppData\Local\Packages\PythonSoftwareFoundation.Python.3.12_qbz5n2kfra8p0\LocalCache\local-packages\Python312\site-packages\django\urls\base.py", line 88, in reverse
    return resolver._reverse_with_prefix(view, prefix, *args, **kwargs)
           ^^^^^^^^^^^^^^^^^^^^^^^^^^^^^^^^^^^^^^^^^^^^^^^^^^^^^^^^^^^^
  File "C:\Users\kwame boateng\AppData\Local\Packages\PythonSoftwareFoundation.Python.3.12_qbz5n2kfra8p0\LocalCache\local-packages\Python312\site-packages\django\urls\resolvers.py", line 831, in _reverse_with_prefix
    raise NoReverseMatch(msg)
django.urls.exceptions.NoReverseMatch: Reverse for 'login' not found. 'login' is not a valid view function or pattern name.
ERROR 2025-06-27 12:08:55,816 basehttp 17960 5652 "GET / HTTP/1.1" 500 213369
INFO 2025-06-27 12:12:01,552 basehttp 17960 17504 "GET / HTTP/1.1" 200 119897
INFO 2025-06-27 12:12:01,908 basehttp 17960 17504 "GET / HTTP/1.1" 200 119897
INFO 2025-06-27 12:12:12,679 basehttp 17960 18700 "GET /country/Germany/ HTTP/1.1" 200 22622
INFO 2025-06-27 12:12:25,094 basehttp 17960 12112 "GET /country/Germany/events/ HTTP/1.1" 200 121512
INFO 2025-06-27 12:12:55,778 basehttp 17960 3052 "GET /home/ HTTP/1.1" 200 119901
ERROR 2025-06-27 12:13:03,208 log 17960 3052 Internal Server Error: /churches/
Traceback (most recent call last):
  File "C:\Users\kwame boateng\AppData\Local\Packages\PythonSoftwareFoundation.Python.3.12_qbz5n2kfra8p0\LocalCache\local-packages\Python312\site-packages\django\core\handlers\exception.py", line 55, in inner
    response = get_response(request)
               ^^^^^^^^^^^^^^^^^^^^^
  File "C:\Users\kwame boateng\AppData\Local\Packages\PythonSoftwareFoundation.Python.3.12_qbz5n2kfra8p0\LocalCache\local-packages\Python312\site-packages\django\core\handlers\base.py", line 220, in _get_response
    response = response.render()
               ^^^^^^^^^^^^^^^^^
  File "C:\Users\kwame boateng\AppData\Local\Packages\PythonSoftwareFoundation.Python.3.12_qbz5n2kfra8p0\LocalCache\local-packages\Python312\site-packages\django\template\response.py", line 114, in render
    self.content = self.rendered_content
                   ^^^^^^^^^^^^^^^^^^^^^
  File "C:\Users\kwame boateng\AppData\Local\Packages\PythonSoftwareFoundation.Python.3.12_qbz5n2kfra8p0\LocalCache\local-packages\Python312\site-packages\django\template\response.py", line 92, in rendered_content
    return template.render(context, self._request)
           ^^^^^^^^^^^^^^^^^^^^^^^^^^^^^^^^^^^^^^^
  File "C:\Users\kwame boateng\AppData\Local\Packages\PythonSoftwareFoundation.Python.3.12_qbz5n2kfra8p0\LocalCache\local-packages\Python312\site-packages\django\template\backends\django.py", line 107, in render
    return self.template.render(context)
           ^^^^^^^^^^^^^^^^^^^^^^^^^^^^^
  File "C:\Users\kwame boateng\AppData\Local\Packages\PythonSoftwareFoundation.Python.3.12_qbz5n2kfra8p0\LocalCache\local-packages\Python312\site-packages\django\template\base.py", line 171, in render
    return self._render(context)
           ^^^^^^^^^^^^^^^^^^^^^
  File "C:\Users\kwame boateng\AppData\Local\Packages\PythonSoftwareFoundation.Python.3.12_qbz5n2kfra8p0\LocalCache\local-packages\Python312\site-packages\django\test\utils.py", line 114, in instrumented_test_render
    return self.nodelist.render(context)
           ^^^^^^^^^^^^^^^^^^^^^^^^^^^^^
  File "C:\Users\kwame boateng\AppData\Local\Packages\PythonSoftwareFoundation.Python.3.12_qbz5n2kfra8p0\LocalCache\local-packages\Python312\site-packages\django\template\base.py", line 1008, in render
    return SafeString("".join([node.render_annotated(context) for node in self]))
                               ^^^^^^^^^^^^^^^^^^^^^^^^^^^^^^
  File "C:\Users\kwame boateng\AppData\Local\Packages\PythonSoftwareFoundation.Python.3.12_qbz5n2kfra8p0\LocalCache\local-packages\Python312\site-packages\django\template\base.py", line 969, in render_annotated
    return self.render(context)
           ^^^^^^^^^^^^^^^^^^^^
  File "C:\Users\kwame boateng\AppData\Local\Packages\PythonSoftwareFoundation.Python.3.12_qbz5n2kfra8p0\LocalCache\local-packages\Python312\site-packages\django\template\loader_tags.py", line 159, in render
    return compiled_parent._render(context)
           ^^^^^^^^^^^^^^^^^^^^^^^^^^^^^^^^
  File "C:\Users\kwame boateng\AppData\Local\Packages\PythonSoftwareFoundation.Python.3.12_qbz5n2kfra8p0\LocalCache\local-packages\Python312\site-packages\django\test\utils.py", line 114, in instrumented_test_render
    return self.nodelist.render(context)
           ^^^^^^^^^^^^^^^^^^^^^^^^^^^^^
  File "C:\Users\kwame boateng\AppData\Local\Packages\PythonSoftwareFoundation.Python.3.12_qbz5n2kfra8p0\LocalCache\local-packages\Python312\site-packages\django\template\base.py", line 1008, in render
    return SafeString("".join([node.render_annotated(context) for node in self]))
                               ^^^^^^^^^^^^^^^^^^^^^^^^^^^^^^
  File "C:\Users\kwame boateng\AppData\Local\Packages\PythonSoftwareFoundation.Python.3.12_qbz5n2kfra8p0\LocalCache\local-packages\Python312\site-packages\django\template\base.py", line 969, in render_annotated
    return self.render(context)
           ^^^^^^^^^^^^^^^^^^^^
  File "C:\Users\kwame boateng\AppData\Local\Packages\PythonSoftwareFoundation.Python.3.12_qbz5n2kfra8p0\LocalCache\local-packages\Python312\site-packages\django\template\loader_tags.py", line 159, in render
    return compiled_parent._render(context)
           ^^^^^^^^^^^^^^^^^^^^^^^^^^^^^^^^
  File "C:\Users\kwame boateng\AppData\Local\Packages\PythonSoftwareFoundation.Python.3.12_qbz5n2kfra8p0\LocalCache\local-packages\Python312\site-packages\django\test\utils.py", line 114, in instrumented_test_render
    return self.nodelist.render(context)
           ^^^^^^^^^^^^^^^^^^^^^^^^^^^^^
  File "C:\Users\kwame boateng\AppData\Local\Packages\PythonSoftwareFoundation.Python.3.12_qbz5n2kfra8p0\LocalCache\local-packages\Python312\site-packages\django\template\base.py", line 1008, in render
    return SafeString("".join([node.render_annotated(context) for node in self]))
                               ^^^^^^^^^^^^^^^^^^^^^^^^^^^^^^
  File "C:\Users\kwame boateng\AppData\Local\Packages\PythonSoftwareFoundation.Python.3.12_qbz5n2kfra8p0\LocalCache\local-packages\Python312\site-packages\django\template\base.py", line 969, in render_annotated
    return self.render(context)
           ^^^^^^^^^^^^^^^^^^^^
  File "C:\Users\kwame boateng\AppData\Local\Packages\PythonSoftwareFoundation.Python.3.12_qbz5n2kfra8p0\LocalCache\local-packages\Python312\site-packages\django\template\defaulttags.py", line 480, in render
    url = reverse(view_name, args=args, kwargs=kwargs, current_app=current_app)
          ^^^^^^^^^^^^^^^^^^^^^^^^^^^^^^^^^^^^^^^^^^^^^^^^^^^^^^^^^^^^^^^^^^^^^
  File "C:\Users\kwame boateng\AppData\Local\Packages\PythonSoftwareFoundation.Python.3.12_qbz5n2kfra8p0\LocalCache\local-packages\Python312\site-packages\django\urls\base.py", line 88, in reverse
    return resolver._reverse_with_prefix(view, prefix, *args, **kwargs)
           ^^^^^^^^^^^^^^^^^^^^^^^^^^^^^^^^^^^^^^^^^^^^^^^^^^^^^^^^^^^^
  File "C:\Users\kwame boateng\AppData\Local\Packages\PythonSoftwareFoundation.Python.3.12_qbz5n2kfra8p0\LocalCache\local-packages\Python312\site-packages\django\urls\resolvers.py", line 831, in _reverse_with_prefix
    raise NoReverseMatch(msg)
django.urls.exceptions.NoReverseMatch: Reverse for 'country_dashboard' with arguments '('',)' not found. 1 pattern(s) tried: ['country/(?P<country_name>[^/]+)/\\Z']
ERROR 2025-06-27 12:13:03,292 basehttp 17960 3052 "GET /churches/ HTTP/1.1" 500 198289
ERROR 2025-06-27 12:13:06,793 log 17960 19188 Internal Server Error: /events/
Traceback (most recent call last):
  File "C:\Users\kwame boateng\AppData\Local\Packages\PythonSoftwareFoundation.Python.3.12_qbz5n2kfra8p0\LocalCache\local-packages\Python312\site-packages\django\db\backends\utils.py", line 105, in _execute
    return self.cursor.execute(sql, params)
           ^^^^^^^^^^^^^^^^^^^^^^^^^^^^^^^^
  File "C:\Users\kwame boateng\AppData\Local\Packages\PythonSoftwareFoundation.Python.3.12_qbz5n2kfra8p0\LocalCache\local-packages\Python312\site-packages\django\db\backends\sqlite3\base.py", line 354, in execute
    return super().execute(query, params)
           ^^^^^^^^^^^^^^^^^^^^^^^^^^^^^^
sqlite3.OperationalError: no such table: events_event

The above exception was the direct cause of the following exception:

Traceback (most recent call last):
  File "C:\Users\kwame boateng\AppData\Local\Packages\PythonSoftwareFoundation.Python.3.12_qbz5n2kfra8p0\LocalCache\local-packages\Python312\site-packages\django\core\handlers\exception.py", line 55, in inner
    response = get_response(request)
               ^^^^^^^^^^^^^^^^^^^^^
  File "C:\Users\kwame boateng\AppData\Local\Packages\PythonSoftwareFoundation.Python.3.12_qbz5n2kfra8p0\LocalCache\local-packages\Python312\site-packages\django\core\handlers\base.py", line 197, in _get_response
    response = wrapped_callback(request, *callback_args, **callback_kwargs)
               ^^^^^^^^^^^^^^^^^^^^^^^^^^^^^^^^^^^^^^^^^^^^^^^^^^^^^^^^^^^^
  File "C:\Users\kwame boateng\AppData\Local\Packages\PythonSoftwareFoundation.Python.3.12_qbz5n2kfra8p0\LocalCache\local-packages\Python312\site-packages\django\views\generic\base.py", line 104, in view
    return self.dispatch(request, *args, **kwargs)
           ^^^^^^^^^^^^^^^^^^^^^^^^^^^^^^^^^^^^^^^
  File "C:\Users\kwame boateng\AppData\Local\Packages\PythonSoftwareFoundation.Python.3.12_qbz5n2kfra8p0\LocalCache\local-packages\Python312\site-packages\django\views\generic\base.py", line 143, in dispatch
    return handler(request, *args, **kwargs)
           ^^^^^^^^^^^^^^^^^^^^^^^^^^^^^^^^^
  File "C:\Users\kwame boateng\AppData\Local\Packages\PythonSoftwareFoundation.Python.3.12_qbz5n2kfra8p0\LocalCache\local-packages\Python312\site-packages\django\views\generic\list.py", line 174, in get
    context = self.get_context_data()
              ^^^^^^^^^^^^^^^^^^^^^^^
  File "C:\Users\kwame boateng\Desktop\bethel\apps\events\views.py", line 35, in get_context_data
    context = super().get_context_data(**kwargs)
              ^^^^^^^^^^^^^^^^^^^^^^^^^^^^^^^^^^
  File "C:\Users\kwame boateng\AppData\Local\Packages\PythonSoftwareFoundation.Python.3.12_qbz5n2kfra8p0\LocalCache\local-packages\Python312\site-packages\django\views\generic\list.py", line 128, in get_context_data
    paginator, page, queryset, is_paginated = self.paginate_queryset(
                                              ^^^^^^^^^^^^^^^^^^^^^^^
  File "C:\Users\kwame boateng\AppData\Local\Packages\PythonSoftwareFoundation.Python.3.12_qbz5n2kfra8p0\LocalCache\local-packages\Python312\site-packages\django\views\generic\list.py", line 73, in paginate_queryset
    page = paginator.page(page_number)
           ^^^^^^^^^^^^^^^^^^^^^^^^^^^
  File "C:\Users\kwame boateng\AppData\Local\Packages\PythonSoftwareFoundation.Python.3.12_qbz5n2kfra8p0\LocalCache\local-packages\Python312\site-packages\django\core\paginator.py", line 89, in page
    number = self.validate_number(number)
             ^^^^^^^^^^^^^^^^^^^^^^^^^^^^
  File "C:\Users\kwame boateng\AppData\Local\Packages\PythonSoftwareFoundation.Python.3.12_qbz5n2kfra8p0\LocalCache\local-packages\Python312\site-packages\django\core\paginator.py", line 70, in validate_number
    if number > self.num_pages:
                ^^^^^^^^^^^^^^
  File "C:\Users\kwame boateng\AppData\Local\Packages\PythonSoftwareFoundation.Python.3.12_qbz5n2kfra8p0\LocalCache\local-packages\Python312\site-packages\django\utils\functional.py", line 47, in __get__
    res = instance.__dict__[self.name] = self.func(instance)
                                         ^^^^^^^^^^^^^^^^^^^
  File "C:\Users\kwame boateng\AppData\Local\Packages\PythonSoftwareFoundation.Python.3.12_qbz5n2kfra8p0\LocalCache\local-packages\Python312\site-packages\django\core\paginator.py", line 116, in num_pages
    if self.count == 0 and not self.allow_empty_first_page:
       ^^^^^^^^^^
  File "C:\Users\kwame boateng\AppData\Local\Packages\PythonSoftwareFoundation.Python.3.12_qbz5n2kfra8p0\LocalCache\local-packages\Python312\site-packages\django\utils\functional.py", line 47, in __get__
    res = instance.__dict__[self.name] = self.func(instance)
                                         ^^^^^^^^^^^^^^^^^^^
  File "C:\Users\kwame boateng\AppData\Local\Packages\PythonSoftwareFoundation.Python.3.12_qbz5n2kfra8p0\LocalCache\local-packages\Python312\site-packages\django\core\paginator.py", line 110, in count
    return c()
           ^^^
  File "C:\Users\kwame boateng\AppData\Local\Packages\PythonSoftwareFoundation.Python.3.12_qbz5n2kfra8p0\LocalCache\local-packages\Python312\site-packages\django\db\models\query.py", line 620, in count
    return self.query.get_count(using=self.db)
           ^^^^^^^^^^^^^^^^^^^^^^^^^^^^^^^^^^^
  File "C:\Users\kwame boateng\AppData\Local\Packages\PythonSoftwareFoundation.Python.3.12_qbz5n2kfra8p0\LocalCache\local-packages\Python312\site-packages\django\db\models\sql\query.py", line 630, in get_count
    return obj.get_aggregation(using, {"__count": Count("*")})["__count"]
           ^^^^^^^^^^^^^^^^^^^^^^^^^^^^^^^^^^^^^^^^^^^^^^^^^^^
  File "C:\Users\kwame boateng\AppData\Local\Packages\PythonSoftwareFoundation.Python.3.12_qbz5n2kfra8p0\LocalCache\local-packages\Python312\site-packages\django\db\models\sql\query.py", line 616, in get_aggregation
    result = compiler.execute_sql(SINGLE)
             ^^^^^^^^^^^^^^^^^^^^^^^^^^^^
  File "C:\Users\kwame boateng\AppData\Local\Packages\PythonSoftwareFoundation.Python.3.12_qbz5n2kfra8p0\LocalCache\local-packages\Python312\site-packages\django\db\models\sql\compiler.py", line 1574, in execute_sql
    cursor.execute(sql, params)
  File "C:\Users\kwame boateng\AppData\Local\Packages\PythonSoftwareFoundation.Python.3.12_qbz5n2kfra8p0\LocalCache\local-packages\Python312\site-packages\debug_toolbar\panels\sql\tracking.py", line 235, in execute
    return self._record(super().execute, sql, params)
           ^^^^^^^^^^^^^^^^^^^^^^^^^^^^^^^^^^^^^^^^^^
  File "C:\Users\kwame boateng\AppData\Local\Packages\PythonSoftwareFoundation.Python.3.12_qbz5n2kfra8p0\LocalCache\local-packages\Python312\site-packages\debug_toolbar\panels\sql\tracking.py", line 160, in _record
    return method(sql, params)
           ^^^^^^^^^^^^^^^^^^^
  File "C:\Users\kwame boateng\AppData\Local\Packages\PythonSoftwareFoundation.Python.3.12_qbz5n2kfra8p0\LocalCache\local-packages\Python312\site-packages\django\db\backends\utils.py", line 122, in execute
    return super().execute(sql, params)
           ^^^^^^^^^^^^^^^^^^^^^^^^^^^^
  File "C:\Users\kwame boateng\AppData\Local\Packages\PythonSoftwareFoundation.Python.3.12_qbz5n2kfra8p0\LocalCache\local-packages\Python312\site-packages\django\db\backends\utils.py", line 79, in execute
    return self._execute_with_wrappers(
           ^^^^^^^^^^^^^^^^^^^^^^^^^^^^
  File "C:\Users\kwame boateng\AppData\Local\Packages\PythonSoftwareFoundation.Python.3.12_qbz5n2kfra8p0\LocalCache\local-packages\Python312\site-packages\django\db\backends\utils.py", line 92, in _execute_with_wrappers
    return executor(sql, params, many, context)
           ^^^^^^^^^^^^^^^^^^^^^^^^^^^^^^^^^^^^
  File "C:\Users\kwame boateng\AppData\Local\Packages\PythonSoftwareFoundation.Python.3.12_qbz5n2kfra8p0\LocalCache\local-packages\Python312\site-packages\django\db\backends\utils.py", line 100, in _execute
    with self.db.wrap_database_errors:
         ^^^^^^^^^^^^^^^^^^^^^^^^^^^^
  File "C:\Users\kwame boateng\AppData\Local\Packages\PythonSoftwareFoundation.Python.3.12_qbz5n2kfra8p0\LocalCache\local-packages\Python312\site-packages\django\db\utils.py", line 91, in __exit__
    raise dj_exc_value.with_traceback(traceback) from exc_value
  File "C:\Users\kwame boateng\AppData\Local\Packages\PythonSoftwareFoundation.Python.3.12_qbz5n2kfra8p0\LocalCache\local-packages\Python312\site-packages\django\db\backends\utils.py", line 105, in _execute
    return self.cursor.execute(sql, params)
           ^^^^^^^^^^^^^^^^^^^^^^^^^^^^^^^^
  File "C:\Users\kwame boateng\AppData\Local\Packages\PythonSoftwareFoundation.Python.3.12_qbz5n2kfra8p0\LocalCache\local-packages\Python312\site-packages\django\db\backends\sqlite3\base.py", line 354, in execute
    return super().execute(query, params)
           ^^^^^^^^^^^^^^^^^^^^^^^^^^^^^^
django.db.utils.OperationalError: no such table: events_event
ERROR 2025-06-27 12:13:06,889 basehttp 17960 19188 "GET /events/ HTTP/1.1" 500 225772
ERROR 2025-06-27 12:13:13,921 log 17960 19188 Internal Server Error: /events/
Traceback (most recent call last):
  File "C:\Users\kwame boateng\AppData\Local\Packages\PythonSoftwareFoundation.Python.3.12_qbz5n2kfra8p0\LocalCache\local-packages\Python312\site-packages\django\db\backends\utils.py", line 105, in _execute
    return self.cursor.execute(sql, params)
           ^^^^^^^^^^^^^^^^^^^^^^^^^^^^^^^^
  File "C:\Users\kwame boateng\AppData\Local\Packages\PythonSoftwareFoundation.Python.3.12_qbz5n2kfra8p0\LocalCache\local-packages\Python312\site-packages\django\db\backends\sqlite3\base.py", line 354, in execute
    return super().execute(query, params)
           ^^^^^^^^^^^^^^^^^^^^^^^^^^^^^^
sqlite3.OperationalError: no such table: events_event

The above exception was the direct cause of the following exception:

Traceback (most recent call last):
  File "C:\Users\kwame boateng\AppData\Local\Packages\PythonSoftwareFoundation.Python.3.12_qbz5n2kfra8p0\LocalCache\local-packages\Python312\site-packages\django\core\handlers\exception.py", line 55, in inner
    response = get_response(request)
               ^^^^^^^^^^^^^^^^^^^^^
  File "C:\Users\kwame boateng\AppData\Local\Packages\PythonSoftwareFoundation.Python.3.12_qbz5n2kfra8p0\LocalCache\local-packages\Python312\site-packages\django\core\handlers\base.py", line 197, in _get_response
    response = wrapped_callback(request, *callback_args, **callback_kwargs)
               ^^^^^^^^^^^^^^^^^^^^^^^^^^^^^^^^^^^^^^^^^^^^^^^^^^^^^^^^^^^^
  File "C:\Users\kwame boateng\AppData\Local\Packages\PythonSoftwareFoundation.Python.3.12_qbz5n2kfra8p0\LocalCache\local-packages\Python312\site-packages\django\views\generic\base.py", line 104, in view
    return self.dispatch(request, *args, **kwargs)
           ^^^^^^^^^^^^^^^^^^^^^^^^^^^^^^^^^^^^^^^
  File "C:\Users\kwame boateng\AppData\Local\Packages\PythonSoftwareFoundation.Python.3.12_qbz5n2kfra8p0\LocalCache\local-packages\Python312\site-packages\django\views\generic\base.py", line 143, in dispatch
    return handler(request, *args, **kwargs)
           ^^^^^^^^^^^^^^^^^^^^^^^^^^^^^^^^^
  File "C:\Users\kwame boateng\AppData\Local\Packages\PythonSoftwareFoundation.Python.3.12_qbz5n2kfra8p0\LocalCache\local-packages\Python312\site-packages\django\views\generic\list.py", line 174, in get
    context = self.get_context_data()
              ^^^^^^^^^^^^^^^^^^^^^^^
  File "C:\Users\kwame boateng\Desktop\bethel\apps\events\views.py", line 35, in get_context_data
    context = super().get_context_data(**kwargs)
              ^^^^^^^^^^^^^^^^^^^^^^^^^^^^^^^^^^
  File "C:\Users\kwame boateng\AppData\Local\Packages\PythonSoftwareFoundation.Python.3.12_qbz5n2kfra8p0\LocalCache\local-packages\Python312\site-packages\django\views\generic\list.py", line 128, in get_context_data
    paginator, page, queryset, is_paginated = self.paginate_queryset(
                                              ^^^^^^^^^^^^^^^^^^^^^^^
  File "C:\Users\kwame boateng\AppData\Local\Packages\PythonSoftwareFoundation.Python.3.12_qbz5n2kfra8p0\LocalCache\local-packages\Python312\site-packages\django\views\generic\list.py", line 73, in paginate_queryset
    page = paginator.page(page_number)
           ^^^^^^^^^^^^^^^^^^^^^^^^^^^
  File "C:\Users\kwame boateng\AppData\Local\Packages\PythonSoftwareFoundation.Python.3.12_qbz5n2kfra8p0\LocalCache\local-packages\Python312\site-packages\django\core\paginator.py", line 89, in page
    number = self.validate_number(number)
             ^^^^^^^^^^^^^^^^^^^^^^^^^^^^
  File "C:\Users\kwame boateng\AppData\Local\Packages\PythonSoftwareFoundation.Python.3.12_qbz5n2kfra8p0\LocalCache\local-packages\Python312\site-packages\django\core\paginator.py", line 70, in validate_number
    if number > self.num_pages:
                ^^^^^^^^^^^^^^
  File "C:\Users\kwame boateng\AppData\Local\Packages\PythonSoftwareFoundation.Python.3.12_qbz5n2kfra8p0\LocalCache\local-packages\Python312\site-packages\django\utils\functional.py", line 47, in __get__
    res = instance.__dict__[self.name] = self.func(instance)
                                         ^^^^^^^^^^^^^^^^^^^
  File "C:\Users\kwame boateng\AppData\Local\Packages\PythonSoftwareFoundation.Python.3.12_qbz5n2kfra8p0\LocalCache\local-packages\Python312\site-packages\django\core\paginator.py", line 116, in num_pages
    if self.count == 0 and not self.allow_empty_first_page:
       ^^^^^^^^^^
  File "C:\Users\kwame boateng\AppData\Local\Packages\PythonSoftwareFoundation.Python.3.12_qbz5n2kfra8p0\LocalCache\local-packages\Python312\site-packages\django\utils\functional.py", line 47, in __get__
    res = instance.__dict__[self.name] = self.func(instance)
                                         ^^^^^^^^^^^^^^^^^^^
  File "C:\Users\kwame boateng\AppData\Local\Packages\PythonSoftwareFoundation.Python.3.12_qbz5n2kfra8p0\LocalCache\local-packages\Python312\site-packages\django\core\paginator.py", line 110, in count
    return c()
           ^^^
  File "C:\Users\kwame boateng\AppData\Local\Packages\PythonSoftwareFoundation.Python.3.12_qbz5n2kfra8p0\LocalCache\local-packages\Python312\site-packages\django\db\models\query.py", line 620, in count
    return self.query.get_count(using=self.db)
           ^^^^^^^^^^^^^^^^^^^^^^^^^^^^^^^^^^^
  File "C:\Users\kwame boateng\AppData\Local\Packages\PythonSoftwareFoundation.Python.3.12_qbz5n2kfra8p0\LocalCache\local-packages\Python312\site-packages\django\db\models\sql\query.py", line 630, in get_count
    return obj.get_aggregation(using, {"__count": Count("*")})["__count"]
           ^^^^^^^^^^^^^^^^^^^^^^^^^^^^^^^^^^^^^^^^^^^^^^^^^^^
  File "C:\Users\kwame boateng\AppData\Local\Packages\PythonSoftwareFoundation.Python.3.12_qbz5n2kfra8p0\LocalCache\local-packages\Python312\site-packages\django\db\models\sql\query.py", line 616, in get_aggregation
    result = compiler.execute_sql(SINGLE)
             ^^^^^^^^^^^^^^^^^^^^^^^^^^^^
  File "C:\Users\kwame boateng\AppData\Local\Packages\PythonSoftwareFoundation.Python.3.12_qbz5n2kfra8p0\LocalCache\local-packages\Python312\site-packages\django\db\models\sql\compiler.py", line 1574, in execute_sql
    cursor.execute(sql, params)
  File "C:\Users\kwame boateng\AppData\Local\Packages\PythonSoftwareFoundation.Python.3.12_qbz5n2kfra8p0\LocalCache\local-packages\Python312\site-packages\debug_toolbar\panels\sql\tracking.py", line 235, in execute
    return self._record(super().execute, sql, params)
           ^^^^^^^^^^^^^^^^^^^^^^^^^^^^^^^^^^^^^^^^^^
  File "C:\Users\kwame boateng\AppData\Local\Packages\PythonSoftwareFoundation.Python.3.12_qbz5n2kfra8p0\LocalCache\local-packages\Python312\site-packages\debug_toolbar\panels\sql\tracking.py", line 160, in _record
    return method(sql, params)
           ^^^^^^^^^^^^^^^^^^^
  File "C:\Users\kwame boateng\AppData\Local\Packages\PythonSoftwareFoundation.Python.3.12_qbz5n2kfra8p0\LocalCache\local-packages\Python312\site-packages\django\db\backends\utils.py", line 122, in execute
    return super().execute(sql, params)
           ^^^^^^^^^^^^^^^^^^^^^^^^^^^^
  File "C:\Users\kwame boateng\AppData\Local\Packages\PythonSoftwareFoundation.Python.3.12_qbz5n2kfra8p0\LocalCache\local-packages\Python312\site-packages\django\db\backends\utils.py", line 79, in execute
    return self._execute_with_wrappers(
           ^^^^^^^^^^^^^^^^^^^^^^^^^^^^
  File "C:\Users\kwame boateng\AppData\Local\Packages\PythonSoftwareFoundation.Python.3.12_qbz5n2kfra8p0\LocalCache\local-packages\Python312\site-packages\django\db\backends\utils.py", line 92, in _execute_with_wrappers
    return executor(sql, params, many, context)
           ^^^^^^^^^^^^^^^^^^^^^^^^^^^^^^^^^^^^
  File "C:\Users\kwame boateng\AppData\Local\Packages\PythonSoftwareFoundation.Python.3.12_qbz5n2kfra8p0\LocalCache\local-packages\Python312\site-packages\django\db\backends\utils.py", line 100, in _execute
    with self.db.wrap_database_errors:
         ^^^^^^^^^^^^^^^^^^^^^^^^^^^^
  File "C:\Users\kwame boateng\AppData\Local\Packages\PythonSoftwareFoundation.Python.3.12_qbz5n2kfra8p0\LocalCache\local-packages\Python312\site-packages\django\db\utils.py", line 91, in __exit__
    raise dj_exc_value.with_traceback(traceback) from exc_value
  File "C:\Users\kwame boateng\AppData\Local\Packages\PythonSoftwareFoundation.Python.3.12_qbz5n2kfra8p0\LocalCache\local-packages\Python312\site-packages\django\db\backends\utils.py", line 105, in _execute
    return self.cursor.execute(sql, params)
           ^^^^^^^^^^^^^^^^^^^^^^^^^^^^^^^^
  File "C:\Users\kwame boateng\AppData\Local\Packages\PythonSoftwareFoundation.Python.3.12_qbz5n2kfra8p0\LocalCache\local-packages\Python312\site-packages\django\db\backends\sqlite3\base.py", line 354, in execute
    return super().execute(query, params)
           ^^^^^^^^^^^^^^^^^^^^^^^^^^^^^^
django.db.utils.OperationalError: no such table: events_event
ERROR 2025-06-27 12:13:14,017 basehttp 17960 19188 "GET /events/ HTTP/1.1" 500 225769
ERROR 2025-06-27 12:16:51,304 log 17960 25032 Internal Server Error: /home/
Traceback (most recent call last):
  File "C:\Users\kwame boateng\AppData\Local\Packages\PythonSoftwareFoundation.Python.3.12_qbz5n2kfra8p0\LocalCache\local-packages\Python312\site-packages\django\contrib\sessions\backends\base.py", line 244, in _get_session
    return self._session_cache
           ^^^^^^^^^^^^^^^^^^^
AttributeError: 'SessionStore' object has no attribute '_session_cache'

During handling of the above exception, another exception occurred:

Traceback (most recent call last):
  File "C:\Users\kwame boateng\AppData\Local\Packages\PythonSoftwareFoundation.Python.3.12_qbz5n2kfra8p0\LocalCache\local-packages\Python312\site-packages\django\db\backends\utils.py", line 105, in _execute
    return self.cursor.execute(sql, params)
           ^^^^^^^^^^^^^^^^^^^^^^^^^^^^^^^^
  File "C:\Users\kwame boateng\AppData\Local\Packages\PythonSoftwareFoundation.Python.3.12_qbz5n2kfra8p0\LocalCache\local-packages\Python312\site-packages\django\db\backends\sqlite3\base.py", line 354, in execute
    return super().execute(query, params)
           ^^^^^^^^^^^^^^^^^^^^^^^^^^^^^^
sqlite3.OperationalError: no such table: django_session

The above exception was the direct cause of the following exception:

Traceback (most recent call last):
  File "C:\Users\kwame boateng\AppData\Local\Packages\PythonSoftwareFoundation.Python.3.12_qbz5n2kfra8p0\LocalCache\local-packages\Python312\site-packages\django\core\handlers\exception.py", line 55, in inner
    response = get_response(request)
               ^^^^^^^^^^^^^^^^^^^^^
  File "C:\Users\kwame boateng\AppData\Local\Packages\PythonSoftwareFoundation.Python.3.12_qbz5n2kfra8p0\LocalCache\local-packages\Python312\site-packages\django\core\handlers\base.py", line 197, in _get_response
    response = wrapped_callback(request, *callback_args, **callback_kwargs)
               ^^^^^^^^^^^^^^^^^^^^^^^^^^^^^^^^^^^^^^^^^^^^^^^^^^^^^^^^^^^^
  File "C:\Users\kwame boateng\Desktop\bethel\main\views.py", line 64, in home
  File "C:\Users\kwame boateng\AppData\Local\Packages\PythonSoftwareFoundation.Python.3.12_qbz5n2kfra8p0\LocalCache\local-packages\Python312\site-packages\django\contrib\sessions\backends\base.py", line 74, in get
    return self._session.get(key, default)
           ^^^^^^^^^^^^^
  File "C:\Users\kwame boateng\AppData\Local\Packages\PythonSoftwareFoundation.Python.3.12_qbz5n2kfra8p0\LocalCache\local-packages\Python312\site-packages\django\contrib\sessions\backends\base.py", line 249, in _get_session
    self._session_cache = self.load()
                          ^^^^^^^^^^^
  File "C:\Users\kwame boateng\AppData\Local\Packages\PythonSoftwareFoundation.Python.3.12_qbz5n2kfra8p0\LocalCache\local-packages\Python312\site-packages\django\contrib\sessions\backends\db.py", line 55, in load
    s = self._get_session_from_db()
        ^^^^^^^^^^^^^^^^^^^^^^^^^^^
  File "C:\Users\kwame boateng\AppData\Local\Packages\PythonSoftwareFoundation.Python.3.12_qbz5n2kfra8p0\LocalCache\local-packages\Python312\site-packages\django\contrib\sessions\backends\db.py", line 34, in _get_session_from_db
    return self.model.objects.get(
           ^^^^^^^^^^^^^^^^^^^^^^^
  File "C:\Users\kwame boateng\AppData\Local\Packages\PythonSoftwareFoundation.Python.3.12_qbz5n2kfra8p0\LocalCache\local-packages\Python312\site-packages\django\db\models\manager.py", line 87, in manager_method
    return getattr(self.get_queryset(), name)(*args, **kwargs)
           ^^^^^^^^^^^^^^^^^^^^^^^^^^^^^^^^^^^^^^^^^^^^^^^^^^^
  File "C:\Users\kwame boateng\AppData\Local\Packages\PythonSoftwareFoundation.Python.3.12_qbz5n2kfra8p0\LocalCache\local-packages\Python312\site-packages\django\db\models\query.py", line 645, in get
    num = len(clone)
          ^^^^^^^^^^
  File "C:\Users\kwame boateng\AppData\Local\Packages\PythonSoftwareFoundation.Python.3.12_qbz5n2kfra8p0\LocalCache\local-packages\Python312\site-packages\django\db\models\query.py", line 382, in __len__
    self._fetch_all()
  File "C:\Users\kwame boateng\AppData\Local\Packages\PythonSoftwareFoundation.Python.3.12_qbz5n2kfra8p0\LocalCache\local-packages\Python312\site-packages\django\db\models\query.py", line 1928, in _fetch_all
    self._result_cache = list(self._iterable_class(self))
                         ^^^^^^^^^^^^^^^^^^^^^^^^^^^^^^^^
  File "C:\Users\kwame boateng\AppData\Local\Packages\PythonSoftwareFoundation.Python.3.12_qbz5n2kfra8p0\LocalCache\local-packages\Python312\site-packages\django\db\models\query.py", line 91, in __iter__
    results = compiler.execute_sql(
              ^^^^^^^^^^^^^^^^^^^^^
  File "C:\Users\kwame boateng\AppData\Local\Packages\PythonSoftwareFoundation.Python.3.12_qbz5n2kfra8p0\LocalCache\local-packages\Python312\site-packages\django\db\models\sql\compiler.py", line 1574, in execute_sql
    cursor.execute(sql, params)
  File "C:\Users\kwame boateng\AppData\Local\Packages\PythonSoftwareFoundation.Python.3.12_qbz5n2kfra8p0\LocalCache\local-packages\Python312\site-packages\debug_toolbar\panels\sql\tracking.py", line 235, in execute
    return self._record(super().execute, sql, params)
           ^^^^^^^^^^^^^^^^^^^^^^^^^^^^^^^^^^^^^^^^^^
  File "C:\Users\kwame boateng\AppData\Local\Packages\PythonSoftwareFoundation.Python.3.12_qbz5n2kfra8p0\LocalCache\local-packages\Python312\site-packages\debug_toolbar\panels\sql\tracking.py", line 160, in _record
    return method(sql, params)
           ^^^^^^^^^^^^^^^^^^^
  File "C:\Users\kwame boateng\AppData\Local\Packages\PythonSoftwareFoundation.Python.3.12_qbz5n2kfra8p0\LocalCache\local-packages\Python312\site-packages\django\db\backends\utils.py", line 122, in execute
    return super().execute(sql, params)
           ^^^^^^^^^^^^^^^^^^^^^^^^^^^^
  File "C:\Users\kwame boateng\AppData\Local\Packages\PythonSoftwareFoundation.Python.3.12_qbz5n2kfra8p0\LocalCache\local-packages\Python312\site-packages\django\db\backends\utils.py", line 79, in execute
    return self._execute_with_wrappers(
           ^^^^^^^^^^^^^^^^^^^^^^^^^^^^
  File "C:\Users\kwame boateng\AppData\Local\Packages\PythonSoftwareFoundation.Python.3.12_qbz5n2kfra8p0\LocalCache\local-packages\Python312\site-packages\django\db\backends\utils.py", line 92, in _execute_with_wrappers
    return executor(sql, params, many, context)
           ^^^^^^^^^^^^^^^^^^^^^^^^^^^^^^^^^^^^
  File "C:\Users\kwame boateng\AppData\Local\Packages\PythonSoftwareFoundation.Python.3.12_qbz5n2kfra8p0\LocalCache\local-packages\Python312\site-packages\django\db\backends\utils.py", line 100, in _execute
    with self.db.wrap_database_errors:
         ^^^^^^^^^^^^^^^^^^^^^^^^^^^^
  File "C:\Users\kwame boateng\AppData\Local\Packages\PythonSoftwareFoundation.Python.3.12_qbz5n2kfra8p0\LocalCache\local-packages\Python312\site-packages\django\db\utils.py", line 91, in __exit__
    raise dj_exc_value.with_traceback(traceback) from exc_value
  File "C:\Users\kwame boateng\AppData\Local\Packages\PythonSoftwareFoundation.Python.3.12_qbz5n2kfra8p0\LocalCache\local-packages\Python312\site-packages\django\db\backends\utils.py", line 105, in _execute
    return self.cursor.execute(sql, params)
           ^^^^^^^^^^^^^^^^^^^^^^^^^^^^^^^^
  File "C:\Users\kwame boateng\AppData\Local\Packages\PythonSoftwareFoundation.Python.3.12_qbz5n2kfra8p0\LocalCache\local-packages\Python312\site-packages\django\db\backends\sqlite3\base.py", line 354, in execute
    return super().execute(query, params)
           ^^^^^^^^^^^^^^^^^^^^^^^^^^^^^^
django.db.utils.OperationalError: no such table: django_session
ERROR 2025-06-27 12:16:51,408 log 17960 25032 Internal Server Error: /home/
Traceback (most recent call last):
  File "C:\Users\kwame boateng\AppData\Local\Packages\PythonSoftwareFoundation.Python.3.12_qbz5n2kfra8p0\LocalCache\local-packages\Python312\site-packages\django\contrib\sessions\backends\base.py", line 244, in _get_session
    return self._session_cache
           ^^^^^^^^^^^^^^^^^^^
AttributeError: 'SessionStore' object has no attribute '_session_cache'

During handling of the above exception, another exception occurred:

Traceback (most recent call last):
  File "C:\Users\kwame boateng\AppData\Local\Packages\PythonSoftwareFoundation.Python.3.12_qbz5n2kfra8p0\LocalCache\local-packages\Python312\site-packages\django\db\backends\utils.py", line 105, in _execute
    return self.cursor.execute(sql, params)
           ^^^^^^^^^^^^^^^^^^^^^^^^^^^^^^^^
  File "C:\Users\kwame boateng\AppData\Local\Packages\PythonSoftwareFoundation.Python.3.12_qbz5n2kfra8p0\LocalCache\local-packages\Python312\site-packages\django\db\backends\sqlite3\base.py", line 354, in execute
    return super().execute(query, params)
           ^^^^^^^^^^^^^^^^^^^^^^^^^^^^^^
sqlite3.OperationalError: no such table: django_session

The above exception was the direct cause of the following exception:

Traceback (most recent call last):
  File "C:\Users\kwame boateng\AppData\Local\Packages\PythonSoftwareFoundation.Python.3.12_qbz5n2kfra8p0\LocalCache\local-packages\Python312\site-packages\django\core\handlers\exception.py", line 55, in inner
    response = get_response(request)
               ^^^^^^^^^^^^^^^^^^^^^
  File "C:\Users\kwame boateng\AppData\Local\Packages\PythonSoftwareFoundation.Python.3.12_qbz5n2kfra8p0\LocalCache\local-packages\Python312\site-packages\debug_toolbar\middleware.py", line 130, in __call__
    return self._postprocess(request, response, toolbar)
           ^^^^^^^^^^^^^^^^^^^^^^^^^^^^^^^^^^^^^^^^^^^^^
  File "C:\Users\kwame boateng\AppData\Local\Packages\PythonSoftwareFoundation.Python.3.12_qbz5n2kfra8p0\LocalCache\local-packages\Python312\site-packages\debug_toolbar\middleware.py", line 167, in _postprocess
    panel.generate_stats(request, response)
  File "C:\Users\kwame boateng\AppData\Local\Packages\PythonSoftwareFoundation.Python.3.12_qbz5n2kfra8p0\LocalCache\local-packages\Python312\site-packages\debug_toolbar\panels\request.py", line 62, in generate_stats
    session_data = dict(request.session)
                   ^^^^^^^^^^^^^^^^^^^^^
  File "C:\Users\kwame boateng\AppData\Local\Packages\PythonSoftwareFoundation.Python.3.12_qbz5n2kfra8p0\LocalCache\local-packages\Python312\site-packages\django\contrib\sessions\backends\base.py", line 160, in keys
    return self._session.keys()
           ^^^^^^^^^^^^^
  File "C:\Users\kwame boateng\AppData\Local\Packages\PythonSoftwareFoundation.Python.3.12_qbz5n2kfra8p0\LocalCache\local-packages\Python312\site-packages\django\contrib\sessions\backends\base.py", line 249, in _get_session
    self._session_cache = self.load()
                          ^^^^^^^^^^^
  File "C:\Users\kwame boateng\AppData\Local\Packages\PythonSoftwareFoundation.Python.3.12_qbz5n2kfra8p0\LocalCache\local-packages\Python312\site-packages\django\contrib\sessions\backends\db.py", line 55, in load
    s = self._get_session_from_db()
        ^^^^^^^^^^^^^^^^^^^^^^^^^^^
  File "C:\Users\kwame boateng\AppData\Local\Packages\PythonSoftwareFoundation.Python.3.12_qbz5n2kfra8p0\LocalCache\local-packages\Python312\site-packages\django\contrib\sessions\backends\db.py", line 34, in _get_session_from_db
    return self.model.objects.get(
           ^^^^^^^^^^^^^^^^^^^^^^^
  File "C:\Users\kwame boateng\AppData\Local\Packages\PythonSoftwareFoundation.Python.3.12_qbz5n2kfra8p0\LocalCache\local-packages\Python312\site-packages\django\db\models\manager.py", line 87, in manager_method
    return getattr(self.get_queryset(), name)(*args, **kwargs)
           ^^^^^^^^^^^^^^^^^^^^^^^^^^^^^^^^^^^^^^^^^^^^^^^^^^^
  File "C:\Users\kwame boateng\AppData\Local\Packages\PythonSoftwareFoundation.Python.3.12_qbz5n2kfra8p0\LocalCache\local-packages\Python312\site-packages\django\db\models\query.py", line 645, in get
    num = len(clone)
          ^^^^^^^^^^
  File "C:\Users\kwame boateng\AppData\Local\Packages\PythonSoftwareFoundation.Python.3.12_qbz5n2kfra8p0\LocalCache\local-packages\Python312\site-packages\django\db\models\query.py", line 382, in __len__
    self._fetch_all()
  File "C:\Users\kwame boateng\AppData\Local\Packages\PythonSoftwareFoundation.Python.3.12_qbz5n2kfra8p0\LocalCache\local-packages\Python312\site-packages\django\db\models\query.py", line 1928, in _fetch_all
    self._result_cache = list(self._iterable_class(self))
                         ^^^^^^^^^^^^^^^^^^^^^^^^^^^^^^^^
  File "C:\Users\kwame boateng\AppData\Local\Packages\PythonSoftwareFoundation.Python.3.12_qbz5n2kfra8p0\LocalCache\local-packages\Python312\site-packages\django\db\models\query.py", line 91, in __iter__
    results = compiler.execute_sql(
              ^^^^^^^^^^^^^^^^^^^^^
  File "C:\Users\kwame boateng\AppData\Local\Packages\PythonSoftwareFoundation.Python.3.12_qbz5n2kfra8p0\LocalCache\local-packages\Python312\site-packages\django\db\models\sql\compiler.py", line 1574, in execute_sql
    cursor.execute(sql, params)
  File "C:\Users\kwame boateng\AppData\Local\Packages\PythonSoftwareFoundation.Python.3.12_qbz5n2kfra8p0\LocalCache\local-packages\Python312\site-packages\django\db\backends\utils.py", line 122, in execute
    return super().execute(sql, params)
           ^^^^^^^^^^^^^^^^^^^^^^^^^^^^
  File "C:\Users\kwame boateng\AppData\Local\Packages\PythonSoftwareFoundation.Python.3.12_qbz5n2kfra8p0\LocalCache\local-packages\Python312\site-packages\django\db\backends\utils.py", line 79, in execute
    return self._execute_with_wrappers(
           ^^^^^^^^^^^^^^^^^^^^^^^^^^^^
  File "C:\Users\kwame boateng\AppData\Local\Packages\PythonSoftwareFoundation.Python.3.12_qbz5n2kfra8p0\LocalCache\local-packages\Python312\site-packages\django\db\backends\utils.py", line 92, in _execute_with_wrappers
    return executor(sql, params, many, context)
           ^^^^^^^^^^^^^^^^^^^^^^^^^^^^^^^^^^^^
  File "C:\Users\kwame boateng\AppData\Local\Packages\PythonSoftwareFoundation.Python.3.12_qbz5n2kfra8p0\LocalCache\local-packages\Python312\site-packages\django\db\backends\utils.py", line 100, in _execute
    with self.db.wrap_database_errors:
         ^^^^^^^^^^^^^^^^^^^^^^^^^^^^
  File "C:\Users\kwame boateng\AppData\Local\Packages\PythonSoftwareFoundation.Python.3.12_qbz5n2kfra8p0\LocalCache\local-packages\Python312\site-packages\django\db\utils.py", line 91, in __exit__
    raise dj_exc_value.with_traceback(traceback) from exc_value
  File "C:\Users\kwame boateng\AppData\Local\Packages\PythonSoftwareFoundation.Python.3.12_qbz5n2kfra8p0\LocalCache\local-packages\Python312\site-packages\django\db\backends\utils.py", line 105, in _execute
    return self.cursor.execute(sql, params)
           ^^^^^^^^^^^^^^^^^^^^^^^^^^^^^^^^
  File "C:\Users\kwame boateng\AppData\Local\Packages\PythonSoftwareFoundation.Python.3.12_qbz5n2kfra8p0\LocalCache\local-packages\Python312\site-packages\django\db\backends\sqlite3\base.py", line 354, in execute
    return super().execute(query, params)
           ^^^^^^^^^^^^^^^^^^^^^^^^^^^^^^
django.db.utils.OperationalError: no such table: django_session
ERROR 2025-06-27 12:16:51,415 basehttp 17960 25032 "GET /home/ HTTP/1.1" 500 179099
INFO 2025-06-27 16:08:57,850 autoreload 23336 2580 C:\Users\kwame boateng\Desktop\bethel\manage.py changed, reloading.
INFO 2025-06-27 16:08:57,850 autoreload 11680 24712 C:\Users\kwame boateng\Desktop\bethel\manage.py changed, reloading.
INFO 2025-06-27 16:08:57,902 autoreload 14412 22964 C:\Users\kwame boateng\Desktop\bethel\manage.py changed, reloading.
INFO 2025-06-27 16:08:58,110 autoreload 21940 21396 C:\Users\kwame boateng\Desktop\bethel\manage.py changed, reloading.
INFO 2025-06-27 16:08:58,278 autoreload 18716 24208 C:\Users\kwame boateng\Desktop\bethel\manage.py changed, reloading.
INFO 2025-06-27 16:08:58,298 autoreload 17960 18452 C:\Users\kwame boateng\Desktop\bethel\manage.py changed, reloading.
INFO 2025-06-27 16:08:58,592 autoreload 5416 25908 C:\Users\kwame boateng\Desktop\bethel\manage.py changed, reloading.
